
Cura_SteamEngine version DEV
Copyright (C) 2017 Ultimaker

This program is free software: you can redistribute it and/or modify
it under the terms of the GNU Affero General Public License as published by
the Free Software Foundation, either version 3 of the License, or
(at your option) any later version.

This program is distributed in the hope that it will be useful,
but WITHOUT ANY WARRANTY; without even the implied warranty of
MERCHANTABILITY or FITNESS FOR A PARTICULAR PURPOSE.  See the
GNU Affero General Public License for more details.

You should have received a copy of the GNU Affero General Public License
along with this program.  If not, see <http://www.gnu.org/licenses/>.
argv[1]: slice
enter DeepInConfig construct function test!
Loading /home/share/oss/Cura/resources/definitions/prusa_i3.def.json...
Loading /home/share/oss/Cura/resources/definitions/fdmprinter.def.json...
[WARNING] Setting an unregistered setting didumplayer to true
[WARNING] Setting an unregistered setting didumpdirname to luoxuanjiangyaoshikou
Loading luoxuanjiangyaoshikou.stl from disk...
Loading /home/share/oss/Cura/resources/definitions/fdmextruder.def.json...
loading 'luoxuanjiangyaoshikou.stl' took 0.169 seconds
didumpdirname1: [luoxuanjiangyaoshikou] 21
didumpdirname2: [luoxuanjiangyaoshikou]
[WARNING] mkdir [luoxuanjiangyaoshikou] fail!
Loaded from disk in 0.189s
[WARNING]  -s didumpdirname="luoxuanjiangyaoshikou" -s mesh_position_z="0" -s center_object="false" -s speed_ironing="20" -s ironing_only_highest_layer="false" -s ironing_enabled="false" -s wireframe_nozzle_clearance="1" -s wireframe_roof_drag_along="0.8" -s wireframe_roof_fall_down="2" -s wireframe_straight_before_down="20" -s wireframe_strategy="compensate" -s wireframe_top_jump="0.6" -s wireframe_flat_delay="0.1" -s wireframe_flow_flat="100" -s wireframe_printspeed_flat="5" -s wireframe_printspeed_down="5" -s wireframe_printspeed_up="5" -s wireframe_printspeed_bottom="5" -s wireframe_height="3" -s magic_fuzzy_skin_thickness="0.3" -s magic_fuzzy_skin_enabled="false" -s support_conical_angle="30" -s support_conical_enabled="false" -s spaghetti_flow="20" -s spaghetti_max_height="2" -s spaghetti_max_infill_angle="10" -s spaghetti_infill_enabled="false" -s coasting_min_volume="0.8" -s coasting_volume="0.064" -s coasting_enable="false" -s ironing_pattern="zigzag" -s conical_overhang_enabled="false" -s draft_shield_dist="10" -s draft_shield_enabled="false" -s optimize_wall_printing_order="false" -s relative_extrusion="false" -s magic_mesh_surface_mode="normal" -s support_mesh_drop_down="true" -s mold_roof_height="0.5" -s mold_enabled="false" -s meshfix_union_all_remove_holes="false" -s meshfix_union_all="true" -s raft_base_fan_speed="0" -s raft_interface_fan_speed="0" -s raft_surface_fan_speed="0" -s raft_base_jerk="20" -s raft_interface_acceleration="3000" -s anti_overhang_mesh="false" -s raft_surface_acceleration="3000" -s raft_base_speed="15" -s raft_interface_speed="15" -s raft_base_line_spacing="1.6" -s raft_base_thickness="0.3" -s raft_interface_line_width="0.7" -s raft_interface_thickness="0.15" -s raft_surface_thickness="0.1" -s raft_surface_layers="2" -s support_mesh="false" -s raft_airgap="0.3" -s prime_tower_position_x="200" -s raft_margin="15" -s raft_surface_speed="20" -s z_offset_taper_layers="0" -s draft_shield_height_limitation="full" -s z_offset_layer_0="0" -s skirt_gap="3" -s adhesion_type="brim" -s extruder_prime_pos_y="0" -s prime_blob_enable="true" -s infill_mesh_order="0" -s support_minimal_diameter="3" -s support_tower_diameter="3" -s prime_tower_wipe_enabled="true" -s support_use_towers="true" -s support_roof_pattern="concentric" -s support_bottom_line_distance="0.4" -s support_roof_line_distance="0.4" -s support_interface_skip_height="0.3" -s support_roof_height="1" -s support_bottom_enable="false" -s support_roof_enable="false" -s gradual_support_infill_steps="0" -s mold_width="5" -s support_infill_sparse_thickness="0.1" -s support_join_distance="2" -s support_bottom_stair_step_width="5" -s support_bottom_stair_step_height="0.3" -s support_xy_overrides_z="z_overrides_xy" -s support_xy_distance="0.7" -s wireframe_roof_inset="3" -s dual_pre_wipe="true" -s support_line_distance="2.66" -s support_pattern="zigzag" -s support_angle="50" -s support_type="everywhere" -s support_bottom_extruder_nr="0" -s support_roof_extruder_nr="0" -s infill_hollow="false" -s raft_surface_line_spacing="0.4" -s skirt_line_count="1" -s support_extruder_nr_layer_0="0" -s support_infill_extruder_nr="0" -s retraction_hop_enabled="false" -s prime_tower_flow="100" -s sub_div_rad_add="0.4" -s alternate_carve_order="true" -s machine_max_feedrate_x="500" -s ironing_inset="0.35" -s gradual_support_infill_step_height="1" -s acceleration_roofing="3000" -s infill_extruder_nr="-1" -s material_standby_temperature="150" -s coasting_speed="90" -s infill_pattern="grid" -s material_extrusion_cool_down_speed="0.7" -s acceleration_topbottom="3000" -s skin_outline_count="1" -s infill_mesh="false" -s print_sequence="all_at_once" -s default_material_print_temperature="210" -s retraction_min_travel="1.5" -s z_seam_y="100" -s xy_offset_layer_0="0" -s material_flow="100" -s skirt_brim_speed="30" -s carve_multiple_volumes="true" -s xy_offset="0" -s skin_angles="[ ]" -s jerk_infill="20" -s cool_fan_speed_0="0" -s ironing_flow="10" -s fill_outline_gaps="false" -s jerk_support_bottom="20" -s support_top_distance="0.1" -s fill_perimeter_gaps="everywhere" -s raft_base_line_width="0.8" -s z_seam_x="100" -s travel_compensate_overlapping_walls_x_enabled="true" -s mold_angle="40" -s skin_overlap_mm="0.02" -s speed_equalize_flow_enabled="false" -s z_seam_corner="z_seam_corner_inner" -s raft_interface_jerk="20" -s skin_line_width="0.4" -s smooth_spiralized_contours="true" -s wall_0_inset="0" -s support_line_width="0.4" -s top_bottom_pattern="lines" -s cool_fan_speed_max="100" -s wall_0_wipe_dist="0.2" -s raft_surface_line_width="0.4" -s wall_line_width_x="0.4" -s wall_line_count="2" -s cool_min_layer_time="5" -s machine_gcode_flavor="RepRap (Marlin/Sprinter)" -s prime_tower_line_width="0.4" -s bottom_layers="6" -s magic_fuzzy_skin_point_dist="0.8" -s retraction_count_max="90" -s cool_fan_enabled="true" -s cool_fan_full_layer="2" -s speed_travel="120" -s machine_shape="rectangular" -s z_seam_relative="false" -s jerk_skirt_brim="20" -s roofing_line_width="0.4" -s acceleration_ironing="3000" -s extruder_prime_pos_z="0" -s skin_alternate_rotation="false" -s acceleration_enabled="false" -s wall_line_width_0="0.4" -s top_bottom_pattern_0="lines" -s machine_center_is_zero="false" -s retraction_combing="all" -s raft_interface_line_spacing="0.9" -s infill_overlap_mm="0.04" -s outer_inset_first="false" -s wireframe_flow_connection="100" -s layer_start_y="0" -s material_initial_print_temperature="200" -s raft_base_acceleration="3000" -s switch_extruder_prime_speed="20" -s acceleration_infill="3000" -s acceleration_print_layer_0="3000" -s machine_filament_park_distance="16" -s machine_nozzle_head_distance="3" -s machine_acceleration="4000" -s brim_line_count="20" -s skirt_brim_line_width="0.4" -s infill_line_distance="2" -s jerk_support_infill="20" -s brim_outside_only="true" -s wall_x_extruder_nr="-1" -s spaghetti_inset="0.2" -s support_connect_zigzags="true" -s machine_height="200" -s machine_nozzle_tip_outer_diameter="1" -s ironing_line_spacing="0.1" -s magic_spiralize="false" -s infill_wipe_dist="0.04" -s spaghetti_infill_extra_volume="0" -s machine_min_cool_heat_time_window="50" -s machine_nozzle_expansion_angle="45" -s machine_max_acceleration_z="100" -s top_bottom_extruder_nr="-1" -s material_diameter="1.75" -s meshfix_extensive_stitching="false" -s infill_line_width="0.4" -s multiple_mesh_overlap="0.15" -s raft_surface_jerk="20" -s acceleration_travel="5000" -s wireframe_up_half_speed="0.3" -s speed_topbottom="30" -s machine_start_gcode="G21 ;metric values
G90 ;absolute positioning
M82 ;set extruder to absolute mode
M107 ;start with the fan off
G28 X0 Y0 ;move X/Y to min endstops
G28 Z0 ;move Z to min endstops
G1 Z15.0 F9000 ;move the platform down 15mm
G92 E0 ;zero the extruded length
G1 F200 E3 ;extrude 3mm of feed stock
G92 E0 ;zero the extruded length again
G1 F9000
;Put printing message on LCD screen
M117 Printing..." -s machine_nozzle_cool_down_speed="2" -s roofing_pattern="lines" -s material_print_temp_wait="true" -s support_conical_min_width="5" -s layer_height_0="0.3" -s machine_nozzle_id="unknown" -s speed_equalize_flow_max="150" -s support_bottom_height="1" -s machine_max_acceleration_e="10000" -s z_seam_type="sharpest_corner" -s machine_name="Prusa i3" -s mesh_position_x="0" -s meshfix_keep_open_polygons="false" -s gradual_infill_step_height="1.5" -s top_layers="8" -s machine_width="200" -s initial_layer_line_width_factor="100" -s jerk_travel_layer_0="20" -s cool_min_layer_time_fan_speed_max="10" -s material_flow_temp_graph="[[3.5,200],[7.0,240]]" -s wall_0_extruder_nr="-1" -s retraction_hop_after_extruder_switch="true" -s wireframe_bottom_delay="0" -s layer_0_z_overlap="0.22" -s gantry_height="55" -s switch_extruder_retraction_speed="20" -s roofing_extruder_nr="-1" -s machine_heated_bed="true" -s bottom_skin_expand_distance="2.8" -s machine_max_jerk_xy="20" -s wireframe_drag_along="0.6" -s roofing_layer_count="0" -s cutting_mesh="false" -s ooze_shield_dist="2" -s machine_end_gcode="M104 S0 ;extruder heater off
M140 S0 ;heated bed heater off (if you have it)
G91 ;relative positioning
G1 E-1 F300  ;retract the filament a bit before lifting the nozzle, to release some of the pressure
G1 Z+0.5 E-5 X-20 Y-20 F9000 ;move Z up a bit and retract filament even more
G28 X0 Y0 ;move X/Y to min endstops, so the head is out of the way
M84 ;steppers off
G90 ;absolute positioning" -s machine_heat_zone_length="16" -s speed_prime_tower="60" -s didumplayer="true" -s machine_nozzle_size="0.4" -s roofing_angles="[ ]" -s alternate_extra_perimeter="false" -s machine_nozzle_temp_enabled="true" -s machine_show_variants="false" -s machine_max_acceleration_y="9000" -s support_roof_line_width="0.4" -s prime_tower_purge_volume="0" -s machine_max_feedrate_y="500" -s layer_height="0.1" -s speed_print_layer_0="30" -s machine_extruder_count="1" -s acceleration_travel_layer_0="3000" -s machine_max_feedrate_z="5" -s acceleration_skirt_brim="3000" -s zig_zaggify_infill="true" -s machine_max_jerk_z="0.4" -s wireframe_top_delay="0" -s speed_support_roof="40" -s machine_depth="200" -s material_bed_temp_prepend="true" -s travel_compensate_overlapping_walls_0_enabled="true" -s machine_max_feedrate_e="2.99792e+11" -s cross_infill_apply_pockets_alternatingly="true" -s infill_angles="[ ]" -s machine_minimum_feedrate="0" -s infill_sparse_thickness="0.1" -s support_tower_roof_angle="65" -s gradual_infill_steps="0" -s infill_before_walls="true" -s ooze_shield_enabled="false" -s min_infill_area="0" -s adhesion_extruder_nr="0" -s top_skin_preshrink="0" -s support_xy_distance_overhang="0.2" -s bottom_skin_preshrink="0" -s top_skin_expand_distance="2.8" -s speed_travel_layer_0="60" -s min_skin_width_for_expansion="2.24" -s material_flow_dependent_temperature="false" -s draft_shield_height="10" -s support_zag_skip_count="5" -s jerk_topbottom="20" -s material_print_temperature="210" -s extruder_prime_pos_abs="false" -s material_print_temperature_layer_0="215" -s cross_infill_pocket_size="2" -s material_final_print_temperature="195" -s mesh_position_y="0" -s material_bed_temp_wait="true" -s retraction_extra_prime_amount="0" -s machine_max_acceleration_x="9000" -s travel_avoid_distance="0.625" -s jerk_ironing="20" -s retraction_enable="true" -s retract_at_layer_change="false" -s retraction_amount="6.5" -s ooze_shield_angle="60" -s extruder_prime_pos_x="0" -s machine_nozzle_heat_up_speed="2" -s retraction_retract_speed="25" -s retraction_prime_speed="25" -s mesh_rotation_matrix="[[1,0,0], [0,1,0], [0,0,1]]" -s acceleration_wall_0="3000" -s retraction_extrusion_window="4.5" -s wireframe_enabled="false" -s cool_fan_speed_min="100" -s prime_tower_size="20" -s switch_extruder_retraction_amount="20" -s prime_tower_wall_thickness="2" -s speed_infill="60" -s speed_wall_0="30" -s speed_wall_x="60" -s layer_start_x="0" -s skin_no_small_gaps_heuristic="true" -s speed_roofing="25" -s acceleration_support_bottom="3000" -s support_enable="false" -s conical_overhang_angle="50" -s raft_smoothing="5" -s skirt_brim_minimal_length="250" -s material_bed_temperature="60" -s speed_support_infill="60" -s speed_support_bottom="40" -s max_feedrate_z_override="0" -s support_bottom_pattern="concentric" -s cool_min_speed="10" -s support_bottom_line_width="0.4" -s speed_slowdown_layers="2" -s acceleration_wall_x="3000" -s acceleration_prime_tower="3000" -s acceleration_support_infill="3000" -s wireframe_roof_outer_delay="0.2" -s prime_tower_position_y="200" -s prime_tower_enable="false" -s acceleration_support_roof="3000" -s jerk_enabled="false" -s machine_max_jerk_e="5" -s material_bed_temperature_layer_0="60" -s jerk_wall_0="20" -s jerk_wall_x="20" -s spaghetti_infill_stepped="true" -s support_offset="0.2" -s support_bottom_distance="0.1" -s jerk_roofing="20" -s jerk_travel="30" -s material_print_temp_prepend="true" -s jerk_print_layer_0="20" -s jerk_support_roof="20" -s travel_retract_before_outer_wall="false" -s travel_avoid_other_parts="true" -s jerk_prime_tower="20" -s start_layers_at_same_position="false" -s wireframe_fall_down="0.5" -s retraction_hop_only_when_collides="false" -s machine_use_extruder_offset_to_offset_coords="true" -s retraction_hop="1" -s cool_lift_head="false" -g -e0 -s extruder_prime_pos_y="0" -s extruder_prime_pos_z="0" -s machine_extruder_end_pos_y="0" -s machine_extruder_end_pos_x="0" -s machine_extruder_end_pos_abs="false" -s machine_nozzle_size="0.4" -s machine_nozzle_offset_x="0" -s machine_nozzle_id="unknown" -s extruder_nr="0" -s machine_nozzle_offset_y="0" -s machine_extruder_start_pos_abs="false" -s machine_extruder_start_pos_x="0" -s extruder_prime_pos_x="0" -s machine_extruder_start_pos_y="0" -e0 -l "0"
Progress: start accomplished in 0.000s
Starting slice...
Slicing model...
slice of mesh took 0.061 seconds
slice make polygons took 0.065 seconds
Progress:slice:1:1 	0.018531%
Progress: slice accomplished in 0.128s
Starting layerparts...
Progress:layerparts:1:1 	0.023922%
Progress: layerparts accomplished in 0.051s
Starting inset+skin...
processBasicWallsSkinInfill: 0
processBasicWallsSkinInfill-438 process walls
[DEBUG] Processing insets for layer 0 of 68
Progress:inset+skin:0:100 	0.023922%
[DEBUG] Processing insets for layer 1 of 68
Progress:inset+skin:0:100 	0.023922%
[DEBUG] Processing insets for layer 2 of 68
Progress:inset+skin:0:100 	0.023922%
[DEBUG] Processing insets for layer 3 of 68
Progress:inset+skin:1:100 	0.026447%
[DEBUG] Processing insets for layer 4 of 68
Progress:inset+skin:1:100 	0.026447%
[DEBUG] Processing insets for layer 5 of 68
Progress:inset+skin:2:100 	0.028973%
[DEBUG] Processing insets for layer 6 of 68
Progress:inset+skin:2:100 	0.028973%
[DEBUG] Processing insets for layer 7 of 68
Progress:inset+skin:3:100 	0.031498%
[DEBUG] Processing insets for layer 8 of 68
Progress:inset+skin:3:100 	0.031498%
[DEBUG] Processing insets for layer 9 of 68
Progress:inset+skin:4:100 	0.034024%
[DEBUG] Processing insets for layer 10 of 68
Progress:inset+skin:4:100 	0.034024%
[DEBUG] Processing insets for layer 11 of 68
Progress:inset+skin:5:100 	0.036549%
[DEBUG] Processing insets for layer 12 of 68
Progress:inset+skin:5:100 	0.036549%
[DEBUG] Processing insets for layer 13 of 68
Progress:inset+skin:6:100 	0.039075%
[DEBUG] Processing insets for layer 14 of 68
Progress:inset+skin:6:100 	0.039075%
[DEBUG] Processing insets for layer 15 of 68
Progress:inset+skin:7:100 	0.041601%
[DEBUG] Processing insets for layer 16 of 68
Progress:inset+skin:7:100 	0.041601%
[DEBUG] Processing insets for layer 17 of 68
Progress:inset+skin:7:100 	0.041601%
[DEBUG] Processing insets for layer 18 of 68
Progress:inset+skin:8:100 	0.044126%
[DEBUG] Processing insets for layer 19 of 68
Progress:inset+skin:8:100 	0.044126%
[DEBUG] Processing insets for layer 20 of 68
Progress:inset+skin:9:100 	0.046652%
[DEBUG] Processing insets for layer 21 of 68
Progress:inset+skin:9:100 	0.046652%
[DEBUG] Processing insets for layer 22 of 68
Progress:inset+skin:10:100 	0.049177%
[DEBUG] Processing insets for layer 23 of 68
Progress:inset+skin:10:100 	0.049177%
[DEBUG] Processing insets for layer 24 of 68
Progress:inset+skin:11:100 	0.051703%
[DEBUG] Processing insets for layer 25 of 68
Progress:inset+skin:11:100 	0.051703%
[DEBUG] Processing insets for layer 26 of 68
Progress:inset+skin:12:100 	0.054228%
[DEBUG] Processing insets for layer 27 of 68
Progress:inset+skin:12:100 	0.054228%
[DEBUG] Processing insets for layer 28 of 68
Progress:inset+skin:13:100 	0.056754%
[DEBUG] Processing insets for layer 29 of 68
Progress:inset+skin:13:100 	0.056754%
[DEBUG] Processing insets for layer 30 of 68
Progress:inset+skin:14:100 	0.059279%
[DEBUG] Processing insets for layer 31 of 68
Progress:inset+skin:14:100 	0.059279%
[DEBUG] Processing insets for layer 32 of 68
Progress:inset+skin:15:100 	0.061805%
[DEBUG] Processing insets for layer 33 of 68
Progress:inset+skin:15:100 	0.061805%
[DEBUG] Processing insets for layer 34 of 68
Progress:inset+skin:15:100 	0.061805%
[DEBUG] Processing insets for layer 35 of 68
Progress:inset+skin:16:100 	0.064330%
[DEBUG] Processing insets for layer 36 of 68
Progress:inset+skin:16:100 	0.064330%
[DEBUG] Processing insets for layer 37 of 68
Progress:inset+skin:17:100 	0.066856%
[DEBUG] Processing insets for layer 38 of 68
Progress:inset+skin:17:100 	0.066856%
[DEBUG] Processing insets for layer 39 of 68
Progress:inset+skin:18:100 	0.069381%
[DEBUG] Processing insets for layer 40 of 68
Progress:inset+skin:18:100 	0.069381%
[DEBUG] Processing insets for layer 41 of 68
Progress:inset+skin:19:100 	0.071907%
[DEBUG] Processing insets for layer 42 of 68
Progress:inset+skin:19:100 	0.071907%
[DEBUG] Processing insets for layer 43 of 68
Progress:inset+skin:20:100 	0.074432%
[DEBUG] Processing insets for layer 44 of 68
Progress:inset+skin:20:100 	0.074432%
[DEBUG] Processing insets for layer 45 of 68
Progress:inset+skin:21:100 	0.076958%
[DEBUG] Processing insets for layer 46 of 68
Progress:inset+skin:21:100 	0.076958%
[DEBUG] Processing insets for layer 47 of 68
Progress:inset+skin:22:100 	0.079483%
[DEBUG] Processing insets for layer 48 of 68
Progress:inset+skin:22:100 	0.079483%
[DEBUG] Processing insets for layer 49 of 68
Progress:inset+skin:23:100 	0.082009%
[DEBUG] Processing insets for layer 50 of 68
Progress:inset+skin:23:100 	0.082009%
[DEBUG] Processing insets for layer 51 of 68
Progress:inset+skin:23:100 	0.082009%
[DEBUG] Processing insets for layer 52 of 68
Progress:inset+skin:24:100 	0.084534%
[DEBUG] Processing insets for layer 53 of 68
Progress:inset+skin:24:100 	0.084534%
[DEBUG] Processing insets for layer 54 of 68
Progress:inset+skin:25:100 	0.087060%
[DEBUG] Processing insets for layer 55 of 68
Progress:inset+skin:25:100 	0.087060%
[DEBUG] Processing insets for layer 56 of 68
Progress:inset+skin:26:100 	0.089585%
[DEBUG] Processing insets for layer 57 of 68
Progress:inset+skin:26:100 	0.089585%
[DEBUG] Processing insets for layer 58 of 68
Progress:inset+skin:27:100 	0.092111%
[DEBUG] Processing insets for layer 59 of 68
Progress:inset+skin:27:100 	0.092111%
[DEBUG] Processing insets for layer 60 of 68
Progress:inset+skin:28:100 	0.094636%
[DEBUG] Processing insets for layer 61 of 68
Progress:inset+skin:28:100 	0.094636%
[DEBUG] Processing insets for layer 62 of 68
Progress:inset+skin:29:100 	0.097162%
[DEBUG] Processing insets for layer 63 of 68
Progress:inset+skin:29:100 	0.097162%
[DEBUG] Processing insets for layer 64 of 68
Progress:inset+skin:30:100 	0.099687%
[DEBUG] Processing insets for layer 65 of 68
Progress:inset+skin:30:100 	0.099687%
[DEBUG] Processing insets for layer 66 of 68
Progress:inset+skin:31:100 	0.102213%
[DEBUG] Processing insets for layer 67 of 68
Progress:inset+skin:31:100 	0.102213%
processBasicWallsSkinInfill-480 process skin & infill
[DEBUG] Processing skins and infill layer 0 of 68
Progress:inset+skin:31:100 	0.102213%
[DEBUG] Processing skins and infill layer 1 of 68
Progress:inset+skin:32:100 	0.104738%
[DEBUG] Processing skins and infill layer 2 of 68
Progress:inset+skin:33:100 	0.107264%
[DEBUG] Processing skins and infill layer 3 of 68
Progress:inset+skin:34:100 	0.109789%
[DEBUG] Processing skins and infill layer 4 of 68
Progress:inset+skin:35:100 	0.112315%
[DEBUG] Processing skins and infill layer 5 of 68
Progress:inset+skin:36:100 	0.114840%
[DEBUG] Processing skins and infill layer 6 of 68
Progress:inset+skin:37:100 	0.117366%
[DEBUG] Processing skins and infill layer 7 of 68
Progress:inset+skin:38:100 	0.119891%
[DEBUG] Processing skins and infill layer 8 of 68
Progress:inset+skin:39:100 	0.122417%
[DEBUG] Processing skins and infill layer 9 of 68
Progress:inset+skin:40:100 	0.124943%
[DEBUG] Processing skins and infill layer 10 of 68
Progress:inset+skin:41:100 	0.127468%
[DEBUG] Processing skins and infill layer 11 of 68
Progress:inset+skin:42:100 	0.129994%
[DEBUG] Processing skins and infill layer 12 of 68
Progress:inset+skin:43:100 	0.132519%
[DEBUG] Processing skins and infill layer 13 of 68
Progress:inset+skin:44:100 	0.135045%
[DEBUG] Processing skins and infill layer 14 of 68
Progress:inset+skin:45:100 	0.137570%
[DEBUG] Processing skins and infill layer 15 of 68
Progress:inset+skin:46:100 	0.140096%
[DEBUG] Processing skins and infill layer 16 of 68
Progress:inset+skin:47:100 	0.142621%
[DEBUG] Processing skins and infill layer 17 of 68
Progress:inset+skin:48:100 	0.145147%
[DEBUG] Processing skins and infill layer 18 of 68
Progress:inset+skin:49:100 	0.147672%
[DEBUG] Processing skins and infill layer 19 of 68
Progress:inset+skin:50:100 	0.150198%
[DEBUG] Processing skins and infill layer 20 of 68
Progress:inset+skin:51:100 	0.152723%
[DEBUG] Processing skins and infill layer 21 of 68
Progress:inset+skin:52:100 	0.155249%
[DEBUG] Processing skins and infill layer 22 of 68
Progress:inset+skin:53:100 	0.157774%
[DEBUG] Processing skins and infill layer 23 of 68
Progress:inset+skin:54:100 	0.160300%
[DEBUG] Processing skins and infill layer 24 of 68
Progress:inset+skin:55:100 	0.162825%
[DEBUG] Processing skins and infill layer 25 of 68
Progress:inset+skin:56:100 	0.165351%
[DEBUG] Processing skins and infill layer 26 of 68
Progress:inset+skin:57:100 	0.167876%
[DEBUG] Processing skins and infill layer 27 of 68
Progress:inset+skin:58:100 	0.170402%
[DEBUG] Processing skins and infill layer 28 of 68
Progress:inset+skin:59:100 	0.172927%
[DEBUG] Processing skins and infill layer 29 of 68
Progress:inset+skin:60:100 	0.175453%
[DEBUG] Processing skins and infill layer 30 of 68
Progress:inset+skin:61:100 	0.177978%
[DEBUG] Processing skins and infill layer 31 of 68
Progress:inset+skin:62:100 	0.180504%
[DEBUG] Processing skins and infill layer 32 of 68
Progress:inset+skin:63:100 	0.183029%
[DEBUG] Processing skins and infill layer 33 of 68
Progress:inset+skin:64:100 	0.185555%
[DEBUG] Processing skins and infill layer 34 of 68
Progress:inset+skin:65:100 	0.188080%
[DEBUG] Processing skins and infill layer 35 of 68
Progress:inset+skin:66:100 	0.190606%
[DEBUG] Processing skins and infill layer 36 of 68
Progress:inset+skin:67:100 	0.193131%
[DEBUG] Processing skins and infill layer 37 of 68
Progress:inset+skin:68:100 	0.195657%
[DEBUG] Processing skins and infill layer 38 of 68
Progress:inset+skin:69:100 	0.198182%
[DEBUG] Processing skins and infill layer 39 of 68
Progress:inset+skin:70:100 	0.200708%
[DEBUG] Processing skins and infill layer 40 of 68
Progress:inset+skin:71:100 	0.203233%
[DEBUG] Processing skins and infill layer 41 of 68
Progress:inset+skin:72:100 	0.205759%
[DEBUG] Processing skins and infill layer 42 of 68
Progress:inset+skin:73:100 	0.208284%
[DEBUG] Processing skins and infill layer 43 of 68
Progress:inset+skin:74:100 	0.210810%
[DEBUG] Processing skins and infill layer 44 of 68
Progress:inset+skin:75:100 	0.213336%
[DEBUG] Processing skins and infill layer 45 of 68
Progress:inset+skin:76:100 	0.215861%
[DEBUG] Processing skins and infill layer 46 of 68
Progress:inset+skin:77:100 	0.218387%
[DEBUG] Processing skins and infill layer 47 of 68
Progress:inset+skin:78:100 	0.220912%
[DEBUG] Processing skins and infill layer 48 of 68
Progress:inset+skin:79:100 	0.223438%
[DEBUG] Processing skins and infill layer 49 of 68
Progress:inset+skin:80:100 	0.225963%
[DEBUG] Processing skins and infill layer 50 of 68
Progress:inset+skin:81:100 	0.228489%
[DEBUG] Processing skins and infill layer 51 of 68
Progress:inset+skin:82:100 	0.231014%
[DEBUG] Processing skins and infill layer 52 of 68
Progress:inset+skin:83:100 	0.233540%
[DEBUG] Processing skins and infill layer 53 of 68
Progress:inset+skin:84:100 	0.236065%
[DEBUG] Processing skins and infill layer 54 of 68
Progress:inset+skin:85:100 	0.238591%
[DEBUG] Processing skins and infill layer 55 of 68
Progress:inset+skin:86:100 	0.241116%
[DEBUG] Processing skins and infill layer 56 of 68
Progress:inset+skin:87:100 	0.243642%
[DEBUG] Processing skins and infill layer 57 of 68
Progress:inset+skin:88:100 	0.246167%
[DEBUG] Processing skins and infill layer 58 of 68
Progress:inset+skin:89:100 	0.248693%
[DEBUG] Processing skins and infill layer 59 of 68
Progress:inset+skin:90:100 	0.251218%
[DEBUG] Processing skins and infill layer 60 of 68
Progress:inset+skin:91:100 	0.253744%
[DEBUG] Processing skins and infill layer 61 of 68
Progress:inset+skin:92:100 	0.256269%
[DEBUG] Processing skins and infill layer 62 of 68
Progress:inset+skin:93:100 	0.258795%
[DEBUG] Processing skins and infill layer 63 of 68
Progress:inset+skin:94:100 	0.261320%
[DEBUG] Processing skins and infill layer 64 of 68
Progress:inset+skin:95:100 	0.263846%
[DEBUG] Processing skins and infill layer 65 of 68
Progress:inset+skin:96:100 	0.266371%
[DEBUG] Processing skins and infill layer 66 of 68
Progress:inset+skin:97:100 	0.268897%
[DEBUG] Processing skins and infill layer 67 of 68
Progress:inset+skin:98:100 	0.271422%
Progress:inset+skin:1:1 	0.276473%
Layer count: 68
DIdumpLayer start! [80864, 80864] [38272, 38272]
layer[0], part[0]!
layer[1], part[0]!
layer[2], part[0]!
layer[3], part[0]!
layer[4], part[0]!
layer[5], part[0]!
layer[6], part[0]!
layer[7], part[0]!
layer[8], part[0]!
layer[9], part[0]!
layer[10], part[0]!
layer[11], part[0]!
layer[12], part[0]!
layer[13], part[0]!
layer[14], part[0]!
layer[15], part[0]!
layer[16], part[0]!
layer[17], part[0]!
layer[18], part[0]!
layer[19], part[0]!
layer[20], part[0]!
layer[21], part[0]!
layer[22], part[0]!
layer[23], part[0]!
layer[24], part[0]!
layer[25], part[0]!
layer[26], part[0]!
layer[27], part[0]!
layer[28], part[0]!
layer[29], part[0]!
layer[30], part[0]!
layer[31], part[0]!
layer[32], part[0]!
layer[33], part[0]!
layer[34], part[0]!
layer[35], part[0]!
layer[36], part[0]!
layer[37], part[0]!
layer[38], part[0]!
layer[39], part[0]!
layer[40], part[0]!
layer[41], part[0]!
layer[42], part[0]!
layer[43], part[0]!
layer[44], part[0]!
layer[45], part[0]!
layer[46], part[0]!
layer[47], part[0]!
layer[48], part[0]!
layer[49], part[0]!
layer[50], part[0]!
layer[51], part[0]!
layer[52], part[0]!
layer[53], part[0]!
layer[54], part[0]!
layer[55], part[0]!
layer[56], part[0]!
layer[57], part[0]!
layer[58], part[0]!
layer[59], part[0]!
layer[60], part[0]!
layer[61], part[0]!
layer[62], part[0]!
layer[63], part[0]!
layer[64], part[0]!
layer[65], part[0]!
layer[66], part[0]!
layer[67], part[0]!
DIdumpLayer end!
Progress: inset+skin accomplished in 1.311s
Starting support...
[DEBUG] Processing ooze shield
[DEBUG] Processing draft shield
[DEBUG] Processing platform adhesion
Progress: support accomplished in 0.547s
Starting export...
Multithreading GcodeLayerThreader with 1 threads.
[DEBUG] GcodeWriter processing layer 0 of 68
Progress:export:1:68 	0.463863%
[DEBUG] GcodeWriter processing layer 1 of 68
Progress:export:2:68 	0.471860%
[DEBUG] GcodeWriter processing layer 2 of 68
Progress:export:3:68 	0.479857%
[DEBUG] GcodeWriter processing layer 3 of 68
Progress:export:4:68 	0.487854%
[DEBUG] GcodeWriter processing layer 4 of 68
Progress:export:5:68 	0.495850%
[DEBUG] GcodeWriter processing layer 5 of 68
Progress:export:6:68 	0.503847%
[DEBUG] GcodeWriter processing layer 6 of 68
Progress:export:7:68 	0.511844%
[DEBUG] GcodeWriter processing layer 7 of 68
Progress:export:8:68 	0.519841%
[DEBUG] GcodeWriter processing layer 8 of 68
Progress:export:9:68 	0.527838%
[DEBUG] GcodeWriter processing layer 9 of 68
Progress:export:10:68 	0.535834%
[DEBUG] GcodeWriter processing layer 10 of 68
Progress:export:11:68 	0.543831%
[DEBUG] GcodeWriter processing layer 11 of 68
Progress:export:12:68 	0.551828%
[DEBUG] GcodeWriter processing layer 12 of 68
Progress:export:13:68 	0.559825%
[DEBUG] GcodeWriter processing layer 13 of 68
Progress:export:14:68 	0.567822%
[DEBUG] GcodeWriter processing layer 14 of 68
Progress:export:15:68 	0.575818%
[DEBUG] GcodeWriter processing layer 15 of 68
Progress:export:16:68 	0.583815%
[DEBUG] GcodeWriter processing layer 16 of 68
Progress:export:17:68 	0.591812%
[DEBUG] GcodeWriter processing layer 17 of 68
Progress:export:18:68 	0.599809%
[DEBUG] GcodeWriter processing layer 18 of 68
Progress:export:19:68 	0.607806%
[DEBUG] GcodeWriter processing layer 19 of 68
Progress:export:20:68 	0.615802%
[DEBUG] GcodeWriter processing layer 20 of 68
Progress:export:21:68 	0.623799%
[DEBUG] GcodeWriter processing layer 21 of 68
Progress:export:22:68 	0.631796%
[DEBUG] GcodeWriter processing layer 22 of 68
Progress:export:23:68 	0.639793%
[DEBUG] GcodeWriter processing layer 23 of 68
Progress:export:24:68 	0.647790%
[DEBUG] GcodeWriter processing layer 24 of 68
Progress:export:25:68 	0.655786%
[DEBUG] GcodeWriter processing layer 25 of 68
Progress:export:26:68 	0.663783%
[DEBUG] GcodeWriter processing layer 26 of 68
Progress:export:27:68 	0.671780%
[DEBUG] GcodeWriter processing layer 27 of 68
Progress:export:28:68 	0.679777%
[DEBUG] GcodeWriter processing layer 28 of 68
Progress:export:29:68 	0.687773%
[DEBUG] GcodeWriter processing layer 29 of 68
Progress:export:30:68 	0.695770%
[DEBUG] GcodeWriter processing layer 30 of 68
Progress:export:31:68 	0.703767%
[DEBUG] GcodeWriter processing layer 31 of 68
Progress:export:32:68 	0.711764%
[DEBUG] GcodeWriter processing layer 32 of 68
Progress:export:33:68 	0.719761%
[DEBUG] GcodeWriter processing layer 33 of 68
Progress:export:34:68 	0.727757%
[DEBUG] GcodeWriter processing layer 34 of 68
Progress:export:35:68 	0.735754%
[DEBUG] GcodeWriter processing layer 35 of 68
Progress:export:36:68 	0.743751%
[DEBUG] GcodeWriter processing layer 36 of 68
Progress:export:37:68 	0.751748%
[DEBUG] GcodeWriter processing layer 37 of 68
Progress:export:38:68 	0.759745%
[DEBUG] GcodeWriter processing layer 38 of 68
Progress:export:39:68 	0.767741%
[DEBUG] GcodeWriter processing layer 39 of 68
Progress:export:40:68 	0.775738%
[DEBUG] GcodeWriter processing layer 40 of 68
Progress:export:41:68 	0.783735%
[DEBUG] GcodeWriter processing layer 41 of 68
Progress:export:42:68 	0.791732%
[DEBUG] GcodeWriter processing layer 42 of 68
Progress:export:43:68 	0.799729%
[DEBUG] GcodeWriter processing layer 43 of 68
Progress:export:44:68 	0.807725%
[DEBUG] GcodeWriter processing layer 44 of 68
Progress:export:45:68 	0.815722%
[DEBUG] GcodeWriter processing layer 45 of 68
Progress:export:46:68 	0.823719%
[DEBUG] GcodeWriter processing layer 46 of 68
Progress:export:47:68 	0.831716%
[DEBUG] GcodeWriter processing layer 47 of 68
Progress:export:48:68 	0.839713%
[DEBUG] GcodeWriter processing layer 48 of 68
Progress:export:49:68 	0.847709%
[DEBUG] GcodeWriter processing layer 49 of 68
Progress:export:50:68 	0.855706%
[DEBUG] GcodeWriter processing layer 50 of 68
Progress:export:51:68 	0.863703%
[DEBUG] GcodeWriter processing layer 51 of 68
Progress:export:52:68 	0.871700%
[DEBUG] GcodeWriter processing layer 52 of 68
Progress:export:53:68 	0.879696%
[DEBUG] GcodeWriter processing layer 53 of 68
Progress:export:54:68 	0.887693%
[DEBUG] GcodeWriter processing layer 54 of 68
Progress:export:55:68 	0.895690%
[DEBUG] GcodeWriter processing layer 55 of 68
Progress:export:56:68 	0.903687%
[DEBUG] GcodeWriter processing layer 56 of 68
Progress:export:57:68 	0.911684%
[DEBUG] GcodeWriter processing layer 57 of 68
Progress:export:58:68 	0.919680%
[DEBUG] GcodeWriter processing layer 58 of 68
Progress:export:59:68 	0.927677%
[DEBUG] GcodeWriter processing layer 59 of 68
Progress:export:60:68 	0.935674%
[DEBUG] GcodeWriter processing layer 60 of 68
Progress:export:61:68 	0.943671%
[DEBUG] GcodeWriter processing layer 61 of 68
Progress:export:62:68 	0.951668%
[DEBUG] GcodeWriter processing layer 62 of 68
Progress:export:63:68 	0.959664%
[DEBUG] GcodeWriter processing layer 63 of 68
Progress:export:64:68 	0.967661%
[DEBUG] GcodeWriter processing layer 64 of 68
Progress:export:65:68 	0.975658%
[DEBUG] GcodeWriter processing layer 65 of 68
Progress:export:66:68 	0.983655%
[DEBUG] GcodeWriter processing layer 66 of 68
Progress:export:67:68 	0.991652%
[DEBUG] GcodeWriter processing layer 67 of 68
Progress:export:68:68 	0.999648%
Progress: export accomplished in 1.586s
Progress:process:1:1 	1.000000%
Total time elapsed  3.62s.
Gcode header after slicing:
;FLAVOR:Marlin
;TIME:1001
;Filament used: 0.718177m
;Layer height: 0.1
End of gcode header.
Print time: 1001
Print time (readable): 0h 16m 41s
Filament: 1727
enter DeepInConfig deconstruct function!
config_file_path: [luoxuanjiangyaoshikou/luoxuanjiangyaoshikou.config]
