
Cura_SteamEngine version DEV
Copyright (C) 2017 Ultimaker

This program is free software: you can redistribute it and/or modify
it under the terms of the GNU Affero General Public License as published by
the Free Software Foundation, either version 3 of the License, or
(at your option) any later version.

This program is distributed in the hope that it will be useful,
but WITHOUT ANY WARRANTY; without even the implied warranty of
MERCHANTABILITY or FITNESS FOR A PARTICULAR PURPOSE.  See the
GNU Affero General Public License for more details.

You should have received a copy of the GNU Affero General Public License
along with this program.  If not, see <http://www.gnu.org/licenses/>.
argv[1]: slice
enter DeepInConfig construct function test!
Loading /home/share/oss/Cura/resources/definitions/prusa_i3.def.json...
Loading /home/share/oss/Cura/resources/definitions/fdmprinter.def.json...
[WARNING] Setting an unregistered setting didumplayer to true
[WARNING] Setting an unregistered setting didumpdirname to cylinder
Loading cylinder.stl from disk...
Loading /home/share/oss/Cura/resources/definitions/fdmextruder.def.json...
loading 'cylinder.stl' took 0.001 seconds
didumpdirname1: [cylinder] 8
didumpdirname2: [cylinder]
mkdir [cylinder] succ!
Loaded from disk in 0.019s
[WARNING]  -s didumpdirname="cylinder" -s mesh_position_z="0" -s center_object="false" -s speed_ironing="20" -s ironing_only_highest_layer="false" -s ironing_enabled="false" -s wireframe_nozzle_clearance="1" -s wireframe_roof_drag_along="0.8" -s wireframe_roof_fall_down="2" -s wireframe_straight_before_down="20" -s wireframe_strategy="compensate" -s wireframe_top_jump="0.6" -s wireframe_flat_delay="0.1" -s wireframe_flow_flat="100" -s wireframe_printspeed_flat="5" -s wireframe_printspeed_down="5" -s wireframe_printspeed_up="5" -s wireframe_printspeed_bottom="5" -s wireframe_height="3" -s magic_fuzzy_skin_thickness="0.3" -s magic_fuzzy_skin_enabled="false" -s support_conical_angle="30" -s support_conical_enabled="false" -s spaghetti_flow="20" -s spaghetti_max_height="2" -s spaghetti_max_infill_angle="10" -s spaghetti_infill_enabled="false" -s coasting_min_volume="0.8" -s coasting_volume="0.064" -s coasting_enable="false" -s ironing_pattern="zigzag" -s conical_overhang_enabled="false" -s draft_shield_dist="10" -s draft_shield_enabled="false" -s optimize_wall_printing_order="false" -s relative_extrusion="false" -s magic_mesh_surface_mode="normal" -s support_mesh_drop_down="true" -s mold_roof_height="0.5" -s mold_enabled="false" -s meshfix_union_all_remove_holes="false" -s meshfix_union_all="true" -s raft_base_fan_speed="0" -s raft_interface_fan_speed="0" -s raft_surface_fan_speed="0" -s raft_base_jerk="20" -s raft_interface_acceleration="3000" -s anti_overhang_mesh="false" -s raft_surface_acceleration="3000" -s raft_base_speed="15" -s raft_interface_speed="15" -s raft_base_line_spacing="1.6" -s raft_base_thickness="0.3" -s raft_interface_line_width="0.7" -s raft_interface_thickness="0.15" -s raft_surface_thickness="0.1" -s raft_surface_layers="2" -s support_mesh="false" -s raft_airgap="0.3" -s prime_tower_position_x="200" -s raft_margin="15" -s raft_surface_speed="20" -s z_offset_taper_layers="0" -s draft_shield_height_limitation="full" -s z_offset_layer_0="0" -s skirt_gap="3" -s adhesion_type="brim" -s extruder_prime_pos_y="0" -s prime_blob_enable="true" -s infill_mesh_order="0" -s support_minimal_diameter="3" -s support_tower_diameter="3" -s prime_tower_wipe_enabled="true" -s support_use_towers="true" -s support_roof_pattern="concentric" -s support_bottom_line_distance="0.4" -s support_roof_line_distance="0.4" -s support_interface_skip_height="0.3" -s support_roof_height="1" -s support_bottom_enable="false" -s support_roof_enable="false" -s gradual_support_infill_steps="0" -s mold_width="5" -s support_infill_sparse_thickness="0.1" -s support_join_distance="2" -s support_bottom_stair_step_width="5" -s support_bottom_stair_step_height="0.3" -s support_xy_overrides_z="z_overrides_xy" -s support_xy_distance="0.7" -s wireframe_roof_inset="3" -s dual_pre_wipe="true" -s support_line_distance="2.66" -s support_pattern="zigzag" -s support_angle="50" -s support_type="everywhere" -s support_bottom_extruder_nr="0" -s support_roof_extruder_nr="0" -s infill_hollow="false" -s raft_surface_line_spacing="0.4" -s skirt_line_count="1" -s support_extruder_nr_layer_0="0" -s support_infill_extruder_nr="0" -s retraction_hop_enabled="false" -s prime_tower_flow="100" -s sub_div_rad_add="0.4" -s alternate_carve_order="true" -s machine_max_feedrate_x="500" -s ironing_inset="0.35" -s gradual_support_infill_step_height="1" -s acceleration_roofing="3000" -s infill_extruder_nr="-1" -s material_standby_temperature="150" -s coasting_speed="90" -s infill_pattern="grid" -s material_extrusion_cool_down_speed="0.7" -s acceleration_topbottom="3000" -s skin_outline_count="1" -s infill_mesh="false" -s print_sequence="all_at_once" -s default_material_print_temperature="210" -s retraction_min_travel="1.5" -s z_seam_y="100" -s xy_offset_layer_0="0" -s material_flow="100" -s skirt_brim_speed="30" -s carve_multiple_volumes="true" -s xy_offset="0" -s skin_angles="[ ]" -s jerk_infill="20" -s cool_fan_speed_0="0" -s ironing_flow="10" -s fill_outline_gaps="false" -s jerk_support_bottom="20" -s support_top_distance="0.1" -s fill_perimeter_gaps="everywhere" -s raft_base_line_width="0.8" -s z_seam_x="100" -s travel_compensate_overlapping_walls_x_enabled="true" -s mold_angle="40" -s skin_overlap_mm="0.02" -s speed_equalize_flow_enabled="false" -s z_seam_corner="z_seam_corner_inner" -s raft_interface_jerk="20" -s skin_line_width="0.4" -s smooth_spiralized_contours="true" -s wall_0_inset="0" -s support_line_width="0.4" -s top_bottom_pattern="lines" -s cool_fan_speed_max="100" -s wall_0_wipe_dist="0.2" -s raft_surface_line_width="0.4" -s wall_line_width_x="0.4" -s wall_line_count="2" -s cool_min_layer_time="5" -s machine_gcode_flavor="RepRap (Marlin/Sprinter)" -s prime_tower_line_width="0.4" -s bottom_layers="6" -s magic_fuzzy_skin_point_dist="0.8" -s retraction_count_max="90" -s cool_fan_enabled="true" -s cool_fan_full_layer="2" -s speed_travel="120" -s machine_shape="rectangular" -s z_seam_relative="false" -s jerk_skirt_brim="20" -s roofing_line_width="0.4" -s acceleration_ironing="3000" -s extruder_prime_pos_z="0" -s skin_alternate_rotation="false" -s acceleration_enabled="false" -s wall_line_width_0="0.4" -s top_bottom_pattern_0="lines" -s machine_center_is_zero="false" -s retraction_combing="all" -s raft_interface_line_spacing="0.9" -s infill_overlap_mm="0.04" -s outer_inset_first="false" -s wireframe_flow_connection="100" -s layer_start_y="0" -s material_initial_print_temperature="200" -s raft_base_acceleration="3000" -s switch_extruder_prime_speed="20" -s acceleration_infill="3000" -s acceleration_print_layer_0="3000" -s machine_filament_park_distance="16" -s machine_nozzle_head_distance="3" -s machine_acceleration="4000" -s brim_line_count="20" -s skirt_brim_line_width="0.4" -s infill_line_distance="2" -s jerk_support_infill="20" -s brim_outside_only="true" -s wall_x_extruder_nr="-1" -s spaghetti_inset="0.2" -s support_connect_zigzags="true" -s machine_height="200" -s machine_nozzle_tip_outer_diameter="1" -s ironing_line_spacing="0.1" -s magic_spiralize="false" -s infill_wipe_dist="0.04" -s spaghetti_infill_extra_volume="0" -s machine_min_cool_heat_time_window="50" -s machine_nozzle_expansion_angle="45" -s machine_max_acceleration_z="100" -s top_bottom_extruder_nr="-1" -s material_diameter="1.75" -s meshfix_extensive_stitching="false" -s infill_line_width="0.4" -s multiple_mesh_overlap="0.15" -s raft_surface_jerk="20" -s acceleration_travel="5000" -s wireframe_up_half_speed="0.3" -s speed_topbottom="30" -s machine_start_gcode="G21 ;metric values
G90 ;absolute positioning
M82 ;set extruder to absolute mode
M107 ;start with the fan off
G28 X0 Y0 ;move X/Y to min endstops
G28 Z0 ;move Z to min endstops
G1 Z15.0 F9000 ;move the platform down 15mm
G92 E0 ;zero the extruded length
G1 F200 E3 ;extrude 3mm of feed stock
G92 E0 ;zero the extruded length again
G1 F9000
;Put printing message on LCD screen
M117 Printing..." -s machine_nozzle_cool_down_speed="2" -s roofing_pattern="lines" -s material_print_temp_wait="true" -s support_conical_min_width="5" -s layer_height_0="0.3" -s machine_nozzle_id="unknown" -s speed_equalize_flow_max="150" -s support_bottom_height="1" -s machine_max_acceleration_e="10000" -s z_seam_type="sharpest_corner" -s machine_name="Prusa i3" -s mesh_position_x="0" -s meshfix_keep_open_polygons="false" -s gradual_infill_step_height="1.5" -s top_layers="8" -s machine_width="200" -s initial_layer_line_width_factor="100" -s jerk_travel_layer_0="20" -s cool_min_layer_time_fan_speed_max="10" -s material_flow_temp_graph="[[3.5,200],[7.0,240]]" -s wall_0_extruder_nr="-1" -s retraction_hop_after_extruder_switch="true" -s wireframe_bottom_delay="0" -s layer_0_z_overlap="0.22" -s gantry_height="55" -s switch_extruder_retraction_speed="20" -s roofing_extruder_nr="-1" -s machine_heated_bed="true" -s bottom_skin_expand_distance="2.8" -s machine_max_jerk_xy="20" -s wireframe_drag_along="0.6" -s roofing_layer_count="0" -s cutting_mesh="false" -s ooze_shield_dist="2" -s machine_end_gcode="M104 S0 ;extruder heater off
M140 S0 ;heated bed heater off (if you have it)
G91 ;relative positioning
G1 E-1 F300  ;retract the filament a bit before lifting the nozzle, to release some of the pressure
G1 Z+0.5 E-5 X-20 Y-20 F9000 ;move Z up a bit and retract filament even more
G28 X0 Y0 ;move X/Y to min endstops, so the head is out of the way
M84 ;steppers off
G90 ;absolute positioning" -s machine_heat_zone_length="16" -s speed_prime_tower="60" -s didumplayer="true" -s machine_nozzle_size="0.4" -s roofing_angles="[ ]" -s alternate_extra_perimeter="false" -s machine_nozzle_temp_enabled="true" -s machine_show_variants="false" -s machine_max_acceleration_y="9000" -s support_roof_line_width="0.4" -s prime_tower_purge_volume="0" -s machine_max_feedrate_y="500" -s layer_height="0.1" -s speed_print_layer_0="30" -s machine_extruder_count="1" -s acceleration_travel_layer_0="3000" -s machine_max_feedrate_z="5" -s acceleration_skirt_brim="3000" -s zig_zaggify_infill="true" -s machine_max_jerk_z="0.4" -s wireframe_top_delay="0" -s speed_support_roof="40" -s machine_depth="200" -s material_bed_temp_prepend="true" -s travel_compensate_overlapping_walls_0_enabled="true" -s machine_max_feedrate_e="2.99792e+11" -s cross_infill_apply_pockets_alternatingly="true" -s infill_angles="[ ]" -s machine_minimum_feedrate="0" -s infill_sparse_thickness="0.1" -s support_tower_roof_angle="65" -s gradual_infill_steps="0" -s infill_before_walls="true" -s ooze_shield_enabled="false" -s min_infill_area="0" -s adhesion_extruder_nr="0" -s top_skin_preshrink="0" -s support_xy_distance_overhang="0.2" -s bottom_skin_preshrink="0" -s top_skin_expand_distance="2.8" -s speed_travel_layer_0="60" -s min_skin_width_for_expansion="2.24" -s material_flow_dependent_temperature="false" -s draft_shield_height="10" -s support_zag_skip_count="5" -s jerk_topbottom="20" -s material_print_temperature="210" -s extruder_prime_pos_abs="false" -s material_print_temperature_layer_0="215" -s cross_infill_pocket_size="2" -s material_final_print_temperature="195" -s mesh_position_y="0" -s material_bed_temp_wait="true" -s retraction_extra_prime_amount="0" -s machine_max_acceleration_x="9000" -s travel_avoid_distance="0.625" -s jerk_ironing="20" -s retraction_enable="true" -s retract_at_layer_change="false" -s retraction_amount="6.5" -s ooze_shield_angle="60" -s extruder_prime_pos_x="0" -s machine_nozzle_heat_up_speed="2" -s retraction_retract_speed="25" -s retraction_prime_speed="25" -s mesh_rotation_matrix="[[1,0,0], [0,1,0], [0,0,1]]" -s acceleration_wall_0="3000" -s retraction_extrusion_window="4.5" -s wireframe_enabled="false" -s cool_fan_speed_min="100" -s prime_tower_size="20" -s switch_extruder_retraction_amount="20" -s prime_tower_wall_thickness="2" -s speed_infill="60" -s speed_wall_0="30" -s speed_wall_x="60" -s layer_start_x="0" -s skin_no_small_gaps_heuristic="true" -s speed_roofing="25" -s acceleration_support_bottom="3000" -s support_enable="false" -s conical_overhang_angle="50" -s raft_smoothing="5" -s skirt_brim_minimal_length="250" -s material_bed_temperature="60" -s speed_support_infill="60" -s speed_support_bottom="40" -s max_feedrate_z_override="0" -s support_bottom_pattern="concentric" -s cool_min_speed="10" -s support_bottom_line_width="0.4" -s speed_slowdown_layers="2" -s acceleration_wall_x="3000" -s acceleration_prime_tower="3000" -s acceleration_support_infill="3000" -s wireframe_roof_outer_delay="0.2" -s prime_tower_position_y="200" -s prime_tower_enable="false" -s acceleration_support_roof="3000" -s jerk_enabled="false" -s machine_max_jerk_e="5" -s material_bed_temperature_layer_0="60" -s jerk_wall_0="20" -s jerk_wall_x="20" -s spaghetti_infill_stepped="true" -s support_offset="0.2" -s support_bottom_distance="0.1" -s jerk_roofing="20" -s jerk_travel="30" -s material_print_temp_prepend="true" -s jerk_print_layer_0="20" -s jerk_support_roof="20" -s travel_retract_before_outer_wall="false" -s travel_avoid_other_parts="true" -s jerk_prime_tower="20" -s start_layers_at_same_position="false" -s wireframe_fall_down="0.5" -s retraction_hop_only_when_collides="false" -s machine_use_extruder_offset_to_offset_coords="true" -s retraction_hop="1" -s cool_lift_head="false" -g -e0 -s extruder_prime_pos_y="0" -s extruder_prime_pos_z="0" -s machine_extruder_end_pos_y="0" -s machine_extruder_end_pos_x="0" -s machine_extruder_end_pos_abs="false" -s machine_nozzle_size="0.4" -s machine_nozzle_offset_x="0" -s machine_nozzle_id="unknown" -s extruder_nr="0" -s machine_nozzle_offset_y="0" -s machine_extruder_start_pos_abs="false" -s machine_extruder_start_pos_x="0" -s extruder_prime_pos_x="0" -s machine_extruder_start_pos_y="0" -e0 -l "0"
Progress: start accomplished in 0.000s
Starting slice...
Slicing model...
slice of mesh took 0.003 seconds
slice make polygons took 0.006 seconds
Progress:slice:1:1 	0.018531%
Progress: slice accomplished in 0.009s
Starting layerparts...
Progress:layerparts:1:1 	0.023922%
Progress: layerparts accomplished in 0.006s
Starting inset+skin...
processBasicWallsSkinInfill: 0
processBasicWallsSkinInfill-438 process walls
[DEBUG] Processing insets for layer 0 of 148
Progress:inset+skin:0:100 	0.023922%
[DEBUG] Processing insets for layer 1 of 148
Progress:inset+skin:0:100 	0.023922%
[DEBUG] Processing insets for layer 2 of 148
Progress:inset+skin:0:100 	0.023922%
[DEBUG] Processing insets for layer 3 of 148
Progress:inset+skin:0:100 	0.023922%
[DEBUG] Processing insets for layer 4 of 148
Progress:inset+skin:0:100 	0.023922%
[DEBUG] Processing insets for layer 5 of 148
Progress:inset+skin:1:100 	0.026447%
[DEBUG] Processing insets for layer 6 of 148
Progress:inset+skin:1:100 	0.026447%
[DEBUG] Processing insets for layer 7 of 148
Progress:inset+skin:1:100 	0.026447%
[DEBUG] Processing insets for layer 8 of 148
Progress:inset+skin:1:100 	0.026447%
[DEBUG] Processing insets for layer 9 of 148
Progress:inset+skin:1:100 	0.026447%
[DEBUG] Processing insets for layer 10 of 148
Progress:inset+skin:2:100 	0.028973%
[DEBUG] Processing insets for layer 11 of 148
Progress:inset+skin:2:100 	0.028973%
[DEBUG] Processing insets for layer 12 of 148
Progress:inset+skin:2:100 	0.028973%
[DEBUG] Processing insets for layer 13 of 148
Progress:inset+skin:2:100 	0.028973%
[DEBUG] Processing insets for layer 14 of 148
Progress:inset+skin:3:100 	0.031498%
[DEBUG] Processing insets for layer 15 of 148
Progress:inset+skin:3:100 	0.031498%
[DEBUG] Processing insets for layer 16 of 148
Progress:inset+skin:3:100 	0.031498%
[DEBUG] Processing insets for layer 17 of 148
Progress:inset+skin:3:100 	0.031498%
[DEBUG] Processing insets for layer 18 of 148
Progress:inset+skin:3:100 	0.031498%
[DEBUG] Processing insets for layer 19 of 148
Progress:inset+skin:4:100 	0.034024%
[DEBUG] Processing insets for layer 20 of 148
Progress:inset+skin:4:100 	0.034024%
[DEBUG] Processing insets for layer 21 of 148
Progress:inset+skin:4:100 	0.034024%
[DEBUG] Processing insets for layer 22 of 148
Progress:inset+skin:4:100 	0.034024%
[DEBUG] Processing insets for layer 23 of 148
Progress:inset+skin:4:100 	0.034024%
[DEBUG] Processing insets for layer 24 of 148
Progress:inset+skin:5:100 	0.036549%
[DEBUG] Processing insets for layer 25 of 148
Progress:inset+skin:5:100 	0.036549%
[DEBUG] Processing insets for layer 26 of 148
Progress:inset+skin:5:100 	0.036549%
[DEBUG] Processing insets for layer 27 of 148
Progress:inset+skin:5:100 	0.036549%
[DEBUG] Processing insets for layer 28 of 148
Progress:inset+skin:6:100 	0.039075%
[DEBUG] Processing insets for layer 29 of 148
Progress:inset+skin:6:100 	0.039075%
[DEBUG] Processing insets for layer 30 of 148
Progress:inset+skin:6:100 	0.039075%
[DEBUG] Processing insets for layer 31 of 148
Progress:inset+skin:6:100 	0.039075%
[DEBUG] Processing insets for layer 32 of 148
Progress:inset+skin:6:100 	0.039075%
[DEBUG] Processing insets for layer 33 of 148
Progress:inset+skin:7:100 	0.041601%
[DEBUG] Processing insets for layer 34 of 148
Progress:inset+skin:7:100 	0.041601%
[DEBUG] Processing insets for layer 35 of 148
Progress:inset+skin:7:100 	0.041601%
[DEBUG] Processing insets for layer 36 of 148
Progress:inset+skin:7:100 	0.041601%
[DEBUG] Processing insets for layer 37 of 148
Progress:inset+skin:7:100 	0.041601%
[DEBUG] Processing insets for layer 38 of 148
Progress:inset+skin:8:100 	0.044126%
[DEBUG] Processing insets for layer 39 of 148
Progress:inset+skin:8:100 	0.044126%
[DEBUG] Processing insets for layer 40 of 148
Progress:inset+skin:8:100 	0.044126%
[DEBUG] Processing insets for layer 41 of 148
Progress:inset+skin:8:100 	0.044126%
[DEBUG] Processing insets for layer 42 of 148
Progress:inset+skin:9:100 	0.046652%
[DEBUG] Processing insets for layer 43 of 148
Progress:inset+skin:9:100 	0.046652%
[DEBUG] Processing insets for layer 44 of 148
Progress:inset+skin:9:100 	0.046652%
[DEBUG] Processing insets for layer 45 of 148
Progress:inset+skin:9:100 	0.046652%
[DEBUG] Processing insets for layer 46 of 148
Progress:inset+skin:9:100 	0.046652%
[DEBUG] Processing insets for layer 47 of 148
Progress:inset+skin:10:100 	0.049177%
[DEBUG] Processing insets for layer 48 of 148
Progress:inset+skin:10:100 	0.049177%
[DEBUG] Processing insets for layer 49 of 148
Progress:inset+skin:10:100 	0.049177%
[DEBUG] Processing insets for layer 50 of 148
Progress:inset+skin:10:100 	0.049177%
[DEBUG] Processing insets for layer 51 of 148
Progress:inset+skin:11:100 	0.051703%
[DEBUG] Processing insets for layer 52 of 148
Progress:inset+skin:11:100 	0.051703%
[DEBUG] Processing insets for layer 53 of 148
Progress:inset+skin:11:100 	0.051703%
[DEBUG] Processing insets for layer 54 of 148
Progress:inset+skin:11:100 	0.051703%
[DEBUG] Processing insets for layer 55 of 148
Progress:inset+skin:11:100 	0.051703%
[DEBUG] Processing insets for layer 56 of 148
Progress:inset+skin:12:100 	0.054228%
[DEBUG] Processing insets for layer 57 of 148
Progress:inset+skin:12:100 	0.054228%
[DEBUG] Processing insets for layer 58 of 148
Progress:inset+skin:12:100 	0.054228%
[DEBUG] Processing insets for layer 59 of 148
Progress:inset+skin:12:100 	0.054228%
[DEBUG] Processing insets for layer 60 of 148
Progress:inset+skin:12:100 	0.054228%
[DEBUG] Processing insets for layer 61 of 148
Progress:inset+skin:13:100 	0.056754%
[DEBUG] Processing insets for layer 62 of 148
Progress:inset+skin:13:100 	0.056754%
[DEBUG] Processing insets for layer 63 of 148
Progress:inset+skin:13:100 	0.056754%
[DEBUG] Processing insets for layer 64 of 148
Progress:inset+skin:13:100 	0.056754%
[DEBUG] Processing insets for layer 65 of 148
Progress:inset+skin:14:100 	0.059279%
[DEBUG] Processing insets for layer 66 of 148
Progress:inset+skin:14:100 	0.059279%
[DEBUG] Processing insets for layer 67 of 148
Progress:inset+skin:14:100 	0.059279%
[DEBUG] Processing insets for layer 68 of 148
Progress:inset+skin:14:100 	0.059279%
[DEBUG] Processing insets for layer 69 of 148
Progress:inset+skin:14:100 	0.059279%
[DEBUG] Processing insets for layer 70 of 148
Progress:inset+skin:15:100 	0.061805%
[DEBUG] Processing insets for layer 71 of 148
Progress:inset+skin:15:100 	0.061805%
[DEBUG] Processing insets for layer 72 of 148
Progress:inset+skin:15:100 	0.061805%
[DEBUG] Processing insets for layer 73 of 148
Progress:inset+skin:15:100 	0.061805%
[DEBUG] Processing insets for layer 74 of 148
Progress:inset+skin:15:100 	0.061805%
[DEBUG] Processing insets for layer 75 of 148
Progress:inset+skin:16:100 	0.064330%
[DEBUG] Processing insets for layer 76 of 148
Progress:inset+skin:16:100 	0.064330%
[DEBUG] Processing insets for layer 77 of 148
Progress:inset+skin:16:100 	0.064330%
[DEBUG] Processing insets for layer 78 of 148
Progress:inset+skin:16:100 	0.064330%
[DEBUG] Processing insets for layer 79 of 148
Progress:inset+skin:17:100 	0.066856%
[DEBUG] Processing insets for layer 80 of 148
Progress:inset+skin:17:100 	0.066856%
[DEBUG] Processing insets for layer 81 of 148
Progress:inset+skin:17:100 	0.066856%
[DEBUG] Processing insets for layer 82 of 148
Progress:inset+skin:17:100 	0.066856%
[DEBUG] Processing insets for layer 83 of 148
Progress:inset+skin:17:100 	0.066856%
[DEBUG] Processing insets for layer 84 of 148
Progress:inset+skin:18:100 	0.069381%
[DEBUG] Processing insets for layer 85 of 148
Progress:inset+skin:18:100 	0.069381%
[DEBUG] Processing insets for layer 86 of 148
Progress:inset+skin:18:100 	0.069381%
[DEBUG] Processing insets for layer 87 of 148
Progress:inset+skin:18:100 	0.069381%
[DEBUG] Processing insets for layer 88 of 148
Progress:inset+skin:19:100 	0.071907%
[DEBUG] Processing insets for layer 89 of 148
Progress:inset+skin:19:100 	0.071907%
[DEBUG] Processing insets for layer 90 of 148
Progress:inset+skin:19:100 	0.071907%
[DEBUG] Processing insets for layer 91 of 148
Progress:inset+skin:19:100 	0.071907%
[DEBUG] Processing insets for layer 92 of 148
Progress:inset+skin:19:100 	0.071907%
[DEBUG] Processing insets for layer 93 of 148
Progress:inset+skin:20:100 	0.074432%
[DEBUG] Processing insets for layer 94 of 148
Progress:inset+skin:20:100 	0.074432%
[DEBUG] Processing insets for layer 95 of 148
Progress:inset+skin:20:100 	0.074432%
[DEBUG] Processing insets for layer 96 of 148
Progress:inset+skin:20:100 	0.074432%
[DEBUG] Processing insets for layer 97 of 148
Progress:inset+skin:20:100 	0.074432%
[DEBUG] Processing insets for layer 98 of 148
Progress:inset+skin:21:100 	0.076958%
[DEBUG] Processing insets for layer 99 of 148
Progress:inset+skin:21:100 	0.076958%
[DEBUG] Processing insets for layer 100 of 148
Progress:inset+skin:21:100 	0.076958%
[DEBUG] Processing insets for layer 101 of 148
Progress:inset+skin:21:100 	0.076958%
[DEBUG] Processing insets for layer 102 of 148
Progress:inset+skin:22:100 	0.079483%
[DEBUG] Processing insets for layer 103 of 148
Progress:inset+skin:22:100 	0.079483%
[DEBUG] Processing insets for layer 104 of 148
Progress:inset+skin:22:100 	0.079483%
[DEBUG] Processing insets for layer 105 of 148
Progress:inset+skin:22:100 	0.079483%
[DEBUG] Processing insets for layer 106 of 148
Progress:inset+skin:22:100 	0.079483%
[DEBUG] Processing insets for layer 107 of 148
Progress:inset+skin:23:100 	0.082009%
[DEBUG] Processing insets for layer 108 of 148
Progress:inset+skin:23:100 	0.082009%
[DEBUG] Processing insets for layer 109 of 148
Progress:inset+skin:23:100 	0.082009%
[DEBUG] Processing insets for layer 110 of 148
Progress:inset+skin:23:100 	0.082009%
[DEBUG] Processing insets for layer 111 of 148
Progress:inset+skin:23:100 	0.082009%
[DEBUG] Processing insets for layer 112 of 148
Progress:inset+skin:24:100 	0.084534%
[DEBUG] Processing insets for layer 113 of 148
Progress:inset+skin:24:100 	0.084534%
[DEBUG] Processing insets for layer 114 of 148
Progress:inset+skin:24:100 	0.084534%
[DEBUG] Processing insets for layer 115 of 148
Progress:inset+skin:24:100 	0.084534%
[DEBUG] Processing insets for layer 116 of 148
Progress:inset+skin:25:100 	0.087060%
[DEBUG] Processing insets for layer 117 of 148
Progress:inset+skin:25:100 	0.087060%
[DEBUG] Processing insets for layer 118 of 148
Progress:inset+skin:25:100 	0.087060%
[DEBUG] Processing insets for layer 119 of 148
Progress:inset+skin:25:100 	0.087060%
[DEBUG] Processing insets for layer 120 of 148
Progress:inset+skin:25:100 	0.087060%
[DEBUG] Processing insets for layer 121 of 148
Progress:inset+skin:26:100 	0.089585%
[DEBUG] Processing insets for layer 122 of 148
Progress:inset+skin:26:100 	0.089585%
[DEBUG] Processing insets for layer 123 of 148
Progress:inset+skin:26:100 	0.089585%
[DEBUG] Processing insets for layer 124 of 148
Progress:inset+skin:26:100 	0.089585%
[DEBUG] Processing insets for layer 125 of 148
Progress:inset+skin:26:100 	0.089585%
[DEBUG] Processing insets for layer 126 of 148
Progress:inset+skin:27:100 	0.092111%
[DEBUG] Processing insets for layer 127 of 148
Progress:inset+skin:27:100 	0.092111%
[DEBUG] Processing insets for layer 128 of 148
Progress:inset+skin:27:100 	0.092111%
[DEBUG] Processing insets for layer 129 of 148
Progress:inset+skin:27:100 	0.092111%
[DEBUG] Processing insets for layer 130 of 148
Progress:inset+skin:28:100 	0.094636%
[DEBUG] Processing insets for layer 131 of 148
Progress:inset+skin:28:100 	0.094636%
[DEBUG] Processing insets for layer 132 of 148
Progress:inset+skin:28:100 	0.094636%
[DEBUG] Processing insets for layer 133 of 148
Progress:inset+skin:28:100 	0.094636%
[DEBUG] Processing insets for layer 134 of 148
Progress:inset+skin:28:100 	0.094636%
[DEBUG] Processing insets for layer 135 of 148
Progress:inset+skin:29:100 	0.097162%
[DEBUG] Processing insets for layer 136 of 148
Progress:inset+skin:29:100 	0.097162%
[DEBUG] Processing insets for layer 137 of 148
Progress:inset+skin:29:100 	0.097162%
[DEBUG] Processing insets for layer 138 of 148
Progress:inset+skin:29:100 	0.097162%
[DEBUG] Processing insets for layer 139 of 148
Progress:inset+skin:30:100 	0.099687%
[DEBUG] Processing insets for layer 140 of 148
Progress:inset+skin:30:100 	0.099687%
[DEBUG] Processing insets for layer 141 of 148
Progress:inset+skin:30:100 	0.099687%
[DEBUG] Processing insets for layer 142 of 148
Progress:inset+skin:30:100 	0.099687%
[DEBUG] Processing insets for layer 143 of 148
Progress:inset+skin:30:100 	0.099687%
[DEBUG] Processing insets for layer 144 of 148
Progress:inset+skin:31:100 	0.102213%
[DEBUG] Processing insets for layer 145 of 148
Progress:inset+skin:31:100 	0.102213%
[DEBUG] Processing insets for layer 146 of 148
Progress:inset+skin:31:100 	0.102213%
[DEBUG] Processing insets for layer 147 of 148
Progress:inset+skin:31:100 	0.102213%
processBasicWallsSkinInfill-480 process skin & infill
[DEBUG] Processing skins and infill layer 0 of 148
Progress:inset+skin:31:100 	0.102213%
[DEBUG] Processing skins and infill layer 1 of 148
Progress:inset+skin:32:100 	0.104738%
[DEBUG] Processing skins and infill layer 2 of 148
Progress:inset+skin:32:100 	0.104738%
[DEBUG] Processing skins and infill layer 3 of 148
Progress:inset+skin:33:100 	0.107264%
[DEBUG] Processing skins and infill layer 4 of 148
Progress:inset+skin:33:100 	0.107264%
[DEBUG] Processing skins and infill layer 5 of 148
Progress:inset+skin:34:100 	0.109789%
[DEBUG] Processing skins and infill layer 6 of 148
Progress:inset+skin:34:100 	0.109789%
[DEBUG] Processing skins and infill layer 7 of 148
Progress:inset+skin:35:100 	0.112315%
[DEBUG] Processing skins and infill layer 8 of 148
Progress:inset+skin:35:100 	0.112315%
[DEBUG] Processing skins and infill layer 9 of 148
Progress:inset+skin:36:100 	0.114840%
[DEBUG] Processing skins and infill layer 10 of 148
Progress:inset+skin:36:100 	0.114840%
[DEBUG] Processing skins and infill layer 11 of 148
Progress:inset+skin:37:100 	0.117366%
[DEBUG] Processing skins and infill layer 12 of 148
Progress:inset+skin:37:100 	0.117366%
[DEBUG] Processing skins and infill layer 13 of 148
Progress:inset+skin:37:100 	0.117366%
[DEBUG] Processing skins and infill layer 14 of 148
Progress:inset+skin:38:100 	0.119891%
[DEBUG] Processing skins and infill layer 15 of 148
Progress:inset+skin:38:100 	0.119891%
[DEBUG] Processing skins and infill layer 16 of 148
Progress:inset+skin:39:100 	0.122417%
[DEBUG] Processing skins and infill layer 17 of 148
Progress:inset+skin:39:100 	0.122417%
[DEBUG] Processing skins and infill layer 18 of 148
Progress:inset+skin:40:100 	0.124943%
[DEBUG] Processing skins and infill layer 19 of 148
Progress:inset+skin:40:100 	0.124943%
[DEBUG] Processing skins and infill layer 20 of 148
Progress:inset+skin:41:100 	0.127468%
[DEBUG] Processing skins and infill layer 21 of 148
Progress:inset+skin:41:100 	0.127468%
[DEBUG] Processing skins and infill layer 22 of 148
Progress:inset+skin:42:100 	0.129994%
[DEBUG] Processing skins and infill layer 23 of 148
Progress:inset+skin:42:100 	0.129994%
[DEBUG] Processing skins and infill layer 24 of 148
Progress:inset+skin:42:100 	0.129994%
[DEBUG] Processing skins and infill layer 25 of 148
Progress:inset+skin:43:100 	0.132519%
[DEBUG] Processing skins and infill layer 26 of 148
Progress:inset+skin:43:100 	0.132519%
[DEBUG] Processing skins and infill layer 27 of 148
Progress:inset+skin:44:100 	0.135045%
[DEBUG] Processing skins and infill layer 28 of 148
Progress:inset+skin:44:100 	0.135045%
[DEBUG] Processing skins and infill layer 29 of 148
Progress:inset+skin:45:100 	0.137570%
[DEBUG] Processing skins and infill layer 30 of 148
Progress:inset+skin:45:100 	0.137570%
[DEBUG] Processing skins and infill layer 31 of 148
Progress:inset+skin:46:100 	0.140096%
[DEBUG] Processing skins and infill layer 32 of 148
Progress:inset+skin:46:100 	0.140096%
[DEBUG] Processing skins and infill layer 33 of 148
Progress:inset+skin:47:100 	0.142621%
[DEBUG] Processing skins and infill layer 34 of 148
Progress:inset+skin:47:100 	0.142621%
[DEBUG] Processing skins and infill layer 35 of 148
Progress:inset+skin:48:100 	0.145147%
[DEBUG] Processing skins and infill layer 36 of 148
Progress:inset+skin:48:100 	0.145147%
[DEBUG] Processing skins and infill layer 37 of 148
Progress:inset+skin:48:100 	0.145147%
[DEBUG] Processing skins and infill layer 38 of 148
Progress:inset+skin:49:100 	0.147672%
[DEBUG] Processing skins and infill layer 39 of 148
Progress:inset+skin:49:100 	0.147672%
[DEBUG] Processing skins and infill layer 40 of 148
Progress:inset+skin:50:100 	0.150198%
[DEBUG] Processing skins and infill layer 41 of 148
Progress:inset+skin:50:100 	0.150198%
[DEBUG] Processing skins and infill layer 42 of 148
Progress:inset+skin:51:100 	0.152723%
[DEBUG] Processing skins and infill layer 43 of 148
Progress:inset+skin:51:100 	0.152723%
[DEBUG] Processing skins and infill layer 44 of 148
Progress:inset+skin:52:100 	0.155249%
[DEBUG] Processing skins and infill layer 45 of 148
Progress:inset+skin:52:100 	0.155249%
[DEBUG] Processing skins and infill layer 46 of 148
Progress:inset+skin:53:100 	0.157774%
[DEBUG] Processing skins and infill layer 47 of 148
Progress:inset+skin:53:100 	0.157774%
[DEBUG] Processing skins and infill layer 48 of 148
Progress:inset+skin:54:100 	0.160300%
[DEBUG] Processing skins and infill layer 49 of 148
Progress:inset+skin:54:100 	0.160300%
[DEBUG] Processing skins and infill layer 50 of 148
Progress:inset+skin:54:100 	0.160300%
[DEBUG] Processing skins and infill layer 51 of 148
Progress:inset+skin:55:100 	0.162825%
[DEBUG] Processing skins and infill layer 52 of 148
Progress:inset+skin:55:100 	0.162825%
[DEBUG] Processing skins and infill layer 53 of 148
Progress:inset+skin:56:100 	0.165351%
[DEBUG] Processing skins and infill layer 54 of 148
Progress:inset+skin:56:100 	0.165351%
[DEBUG] Processing skins and infill layer 55 of 148
Progress:inset+skin:57:100 	0.167876%
[DEBUG] Processing skins and infill layer 56 of 148
Progress:inset+skin:57:100 	0.167876%
[DEBUG] Processing skins and infill layer 57 of 148
Progress:inset+skin:58:100 	0.170402%
[DEBUG] Processing skins and infill layer 58 of 148
Progress:inset+skin:58:100 	0.170402%
[DEBUG] Processing skins and infill layer 59 of 148
Progress:inset+skin:59:100 	0.172927%
[DEBUG] Processing skins and infill layer 60 of 148
Progress:inset+skin:59:100 	0.172927%
[DEBUG] Processing skins and infill layer 61 of 148
Progress:inset+skin:60:100 	0.175453%
[DEBUG] Processing skins and infill layer 62 of 148
Progress:inset+skin:60:100 	0.175453%
[DEBUG] Processing skins and infill layer 63 of 148
Progress:inset+skin:60:100 	0.175453%
[DEBUG] Processing skins and infill layer 64 of 148
Progress:inset+skin:61:100 	0.177978%
[DEBUG] Processing skins and infill layer 65 of 148
Progress:inset+skin:61:100 	0.177978%
[DEBUG] Processing skins and infill layer 66 of 148
Progress:inset+skin:62:100 	0.180504%
[DEBUG] Processing skins and infill layer 67 of 148
Progress:inset+skin:62:100 	0.180504%
[DEBUG] Processing skins and infill layer 68 of 148
Progress:inset+skin:63:100 	0.183029%
[DEBUG] Processing skins and infill layer 69 of 148
Progress:inset+skin:63:100 	0.183029%
[DEBUG] Processing skins and infill layer 70 of 148
Progress:inset+skin:64:100 	0.185555%
[DEBUG] Processing skins and infill layer 71 of 148
Progress:inset+skin:64:100 	0.185555%
[DEBUG] Processing skins and infill layer 72 of 148
Progress:inset+skin:65:100 	0.188080%
[DEBUG] Processing skins and infill layer 73 of 148
Progress:inset+skin:65:100 	0.188080%
[DEBUG] Processing skins and infill layer 74 of 148
Progress:inset+skin:65:100 	0.188080%
[DEBUG] Processing skins and infill layer 75 of 148
Progress:inset+skin:66:100 	0.190606%
[DEBUG] Processing skins and infill layer 76 of 148
Progress:inset+skin:66:100 	0.190606%
[DEBUG] Processing skins and infill layer 77 of 148
Progress:inset+skin:67:100 	0.193131%
[DEBUG] Processing skins and infill layer 78 of 148
Progress:inset+skin:67:100 	0.193131%
[DEBUG] Processing skins and infill layer 79 of 148
Progress:inset+skin:68:100 	0.195657%
[DEBUG] Processing skins and infill layer 80 of 148
Progress:inset+skin:68:100 	0.195657%
[DEBUG] Processing skins and infill layer 81 of 148
Progress:inset+skin:69:100 	0.198182%
[DEBUG] Processing skins and infill layer 82 of 148
Progress:inset+skin:69:100 	0.198182%
[DEBUG] Processing skins and infill layer 83 of 148
Progress:inset+skin:70:100 	0.200708%
[DEBUG] Processing skins and infill layer 84 of 148
Progress:inset+skin:70:100 	0.200708%
[DEBUG] Processing skins and infill layer 85 of 148
Progress:inset+skin:71:100 	0.203233%
[DEBUG] Processing skins and infill layer 86 of 148
Progress:inset+skin:71:100 	0.203233%
[DEBUG] Processing skins and infill layer 87 of 148
Progress:inset+skin:71:100 	0.203233%
[DEBUG] Processing skins and infill layer 88 of 148
Progress:inset+skin:72:100 	0.205759%
[DEBUG] Processing skins and infill layer 89 of 148
Progress:inset+skin:72:100 	0.205759%
[DEBUG] Processing skins and infill layer 90 of 148
Progress:inset+skin:73:100 	0.208284%
[DEBUG] Processing skins and infill layer 91 of 148
Progress:inset+skin:73:100 	0.208284%
[DEBUG] Processing skins and infill layer 92 of 148
Progress:inset+skin:74:100 	0.210810%
[DEBUG] Processing skins and infill layer 93 of 148
Progress:inset+skin:74:100 	0.210810%
[DEBUG] Processing skins and infill layer 94 of 148
Progress:inset+skin:75:100 	0.213336%
[DEBUG] Processing skins and infill layer 95 of 148
Progress:inset+skin:75:100 	0.213336%
[DEBUG] Processing skins and infill layer 96 of 148
Progress:inset+skin:76:100 	0.215861%
[DEBUG] Processing skins and infill layer 97 of 148
Progress:inset+skin:76:100 	0.215861%
[DEBUG] Processing skins and infill layer 98 of 148
Progress:inset+skin:77:100 	0.218387%
[DEBUG] Processing skins and infill layer 99 of 148
Progress:inset+skin:77:100 	0.218387%
[DEBUG] Processing skins and infill layer 100 of 148
Progress:inset+skin:77:100 	0.218387%
[DEBUG] Processing skins and infill layer 101 of 148
Progress:inset+skin:78:100 	0.220912%
[DEBUG] Processing skins and infill layer 102 of 148
Progress:inset+skin:78:100 	0.220912%
[DEBUG] Processing skins and infill layer 103 of 148
Progress:inset+skin:79:100 	0.223438%
[DEBUG] Processing skins and infill layer 104 of 148
Progress:inset+skin:79:100 	0.223438%
[DEBUG] Processing skins and infill layer 105 of 148
Progress:inset+skin:80:100 	0.225963%
[DEBUG] Processing skins and infill layer 106 of 148
Progress:inset+skin:80:100 	0.225963%
[DEBUG] Processing skins and infill layer 107 of 148
Progress:inset+skin:81:100 	0.228489%
[DEBUG] Processing skins and infill layer 108 of 148
Progress:inset+skin:81:100 	0.228489%
[DEBUG] Processing skins and infill layer 109 of 148
Progress:inset+skin:82:100 	0.231014%
[DEBUG] Processing skins and infill layer 110 of 148
Progress:inset+skin:82:100 	0.231014%
[DEBUG] Processing skins and infill layer 111 of 148
Progress:inset+skin:82:100 	0.231014%
[DEBUG] Processing skins and infill layer 112 of 148
Progress:inset+skin:83:100 	0.233540%
[DEBUG] Processing skins and infill layer 113 of 148
Progress:inset+skin:83:100 	0.233540%
[DEBUG] Processing skins and infill layer 114 of 148
Progress:inset+skin:84:100 	0.236065%
[DEBUG] Processing skins and infill layer 115 of 148
Progress:inset+skin:84:100 	0.236065%
[DEBUG] Processing skins and infill layer 116 of 148
Progress:inset+skin:85:100 	0.238591%
[DEBUG] Processing skins and infill layer 117 of 148
Progress:inset+skin:85:100 	0.238591%
[DEBUG] Processing skins and infill layer 118 of 148
Progress:inset+skin:86:100 	0.241116%
[DEBUG] Processing skins and infill layer 119 of 148
Progress:inset+skin:86:100 	0.241116%
[DEBUG] Processing skins and infill layer 120 of 148
Progress:inset+skin:87:100 	0.243642%
[DEBUG] Processing skins and infill layer 121 of 148
Progress:inset+skin:87:100 	0.243642%
[DEBUG] Processing skins and infill layer 122 of 148
Progress:inset+skin:88:100 	0.246167%
[DEBUG] Processing skins and infill layer 123 of 148
Progress:inset+skin:88:100 	0.246167%
[DEBUG] Processing skins and infill layer 124 of 148
Progress:inset+skin:88:100 	0.246167%
[DEBUG] Processing skins and infill layer 125 of 148
Progress:inset+skin:89:100 	0.248693%
[DEBUG] Processing skins and infill layer 126 of 148
Progress:inset+skin:89:100 	0.248693%
[DEBUG] Processing skins and infill layer 127 of 148
Progress:inset+skin:90:100 	0.251218%
[DEBUG] Processing skins and infill layer 128 of 148
Progress:inset+skin:90:100 	0.251218%
[DEBUG] Processing skins and infill layer 129 of 148
Progress:inset+skin:91:100 	0.253744%
[DEBUG] Processing skins and infill layer 130 of 148
Progress:inset+skin:91:100 	0.253744%
[DEBUG] Processing skins and infill layer 131 of 148
Progress:inset+skin:92:100 	0.256269%
[DEBUG] Processing skins and infill layer 132 of 148
Progress:inset+skin:92:100 	0.256269%
[DEBUG] Processing skins and infill layer 133 of 148
Progress:inset+skin:93:100 	0.258795%
[DEBUG] Processing skins and infill layer 134 of 148
Progress:inset+skin:93:100 	0.258795%
[DEBUG] Processing skins and infill layer 135 of 148
Progress:inset+skin:94:100 	0.261320%
[DEBUG] Processing skins and infill layer 136 of 148
Progress:inset+skin:94:100 	0.261320%
[DEBUG] Processing skins and infill layer 137 of 148
Progress:inset+skin:94:100 	0.261320%
[DEBUG] Processing skins and infill layer 138 of 148
Progress:inset+skin:95:100 	0.263846%
[DEBUG] Processing skins and infill layer 139 of 148
Progress:inset+skin:95:100 	0.263846%
[DEBUG] Processing skins and infill layer 140 of 148
Progress:inset+skin:96:100 	0.266371%
[DEBUG] Processing skins and infill layer 141 of 148
Progress:inset+skin:96:100 	0.266371%
[DEBUG] Processing skins and infill layer 142 of 148
Progress:inset+skin:97:100 	0.268897%
[DEBUG] Processing skins and infill layer 143 of 148
Progress:inset+skin:97:100 	0.268897%
[DEBUG] Processing skins and infill layer 144 of 148
Progress:inset+skin:98:100 	0.271422%
[DEBUG] Processing skins and infill layer 145 of 148
Progress:inset+skin:98:100 	0.271422%
[DEBUG] Processing skins and infill layer 146 of 148
Progress:inset+skin:99:100 	0.273948%
[DEBUG] Processing skins and infill layer 147 of 148
Progress:inset+skin:99:100 	0.273948%
Progress:inset+skin:1:1 	0.276473%
Layer count: 148
DIdumpLayer start! [90000, 90055] [20000, 19890]
layer[0], part[0]!
layer[1], part[0]!
layer[2], part[0]!
layer[3], part[0]!
layer[4], part[0]!
layer[5], part[0]!
layer[6], part[0]!
layer[7], part[0]!
layer[8], part[0]!
layer[9], part[0]!
layer[10], part[0]!
layer[11], part[0]!
layer[12], part[0]!
layer[13], part[0]!
layer[14], part[0]!
layer[15], part[0]!
layer[16], part[0]!
layer[17], part[0]!
layer[18], part[0]!
layer[19], part[0]!
layer[20], part[0]!
layer[21], part[0]!
layer[22], part[0]!
layer[23], part[0]!
layer[24], part[0]!
layer[25], part[0]!
layer[26], part[0]!
layer[27], part[0]!
layer[28], part[0]!
layer[29], part[0]!
layer[30], part[0]!
layer[31], part[0]!
layer[32], part[0]!
layer[33], part[0]!
layer[34], part[0]!
layer[35], part[0]!
layer[36], part[0]!
layer[37], part[0]!
layer[38], part[0]!
layer[39], part[0]!
layer[40], part[0]!
layer[41], part[0]!
layer[42], part[0]!
layer[43], part[0]!
layer[44], part[0]!
layer[45], part[0]!
layer[46], part[0]!
layer[47], part[0]!
layer[48], part[0]!
layer[49], part[0]!
layer[50], part[0]!
layer[51], part[0]!
layer[52], part[0]!
layer[53], part[0]!
layer[54], part[0]!
layer[55], part[0]!
layer[56], part[0]!
layer[57], part[0]!
layer[58], part[0]!
layer[59], part[0]!
layer[60], part[0]!
layer[61], part[0]!
layer[62], part[0]!
layer[63], part[0]!
layer[64], part[0]!
layer[65], part[0]!
layer[66], part[0]!
layer[67], part[0]!
layer[68], part[0]!
layer[69], part[0]!
layer[70], part[0]!
layer[71], part[0]!
layer[72], part[0]!
layer[73], part[0]!
layer[74], part[0]!
layer[75], part[0]!
layer[76], part[0]!
layer[77], part[0]!
layer[78], part[0]!
layer[79], part[0]!
layer[80], part[0]!
layer[81], part[0]!
layer[82], part[0]!
layer[83], part[0]!
layer[84], part[0]!
layer[85], part[0]!
layer[86], part[0]!
layer[87], part[0]!
layer[88], part[0]!
layer[89], part[0]!
layer[90], part[0]!
layer[91], part[0]!
layer[92], part[0]!
layer[93], part[0]!
layer[94], part[0]!
layer[95], part[0]!
layer[96], part[0]!
layer[97], part[0]!
layer[98], part[0]!
layer[99], part[0]!
layer[100], part[0]!
layer[101], part[0]!
layer[102], part[0]!
layer[103], part[0]!
layer[104], part[0]!
layer[105], part[0]!
layer[106], part[0]!
layer[107], part[0]!
layer[108], part[0]!
layer[109], part[0]!
layer[110], part[0]!
layer[111], part[0]!
layer[112], part[0]!
layer[113], part[0]!
layer[114], part[0]!
layer[115], part[0]!
layer[116], part[0]!
layer[117], part[0]!
layer[118], part[0]!
layer[119], part[0]!
layer[120], part[0]!
layer[121], part[0]!
layer[122], part[0]!
layer[123], part[0]!
layer[124], part[0]!
layer[125], part[0]!
layer[126], part[0]!
layer[127], part[0]!
layer[128], part[0]!
layer[129], part[0]!
layer[130], part[0]!
layer[131], part[0]!
layer[132], part[0]!
layer[133], part[0]!
layer[134], part[0]!
layer[135], part[0]!
layer[136], part[0]!
layer[137], part[0]!
layer[138], part[0]!
layer[139], part[0]!
layer[140], part[0]!
layer[141], part[0]!
DIdumpLayer end!
Progress: inset+skin accomplished in 0.346s
Starting support...
[DEBUG] Processing ooze shield
[DEBUG] Processing draft shield
[DEBUG] Processing platform adhesion
Progress: support accomplished in 0.098s
Starting export...
Multithreading GcodeLayerThreader with 1 threads.
[DEBUG] GcodeWriter processing layer 0 of 148
Progress:export:1:148 	0.459541%
[DEBUG] GcodeWriter processing layer 1 of 148
Progress:export:2:148 	0.463215%
[DEBUG] GcodeWriter processing layer 2 of 148
Progress:export:3:148 	0.466889%
[DEBUG] GcodeWriter processing layer 3 of 148
Progress:export:4:148 	0.470563%
[DEBUG] GcodeWriter processing layer 4 of 148
Progress:export:5:148 	0.474238%
[DEBUG] GcodeWriter processing layer 5 of 148
Progress:export:6:148 	0.477912%
[DEBUG] GcodeWriter processing layer 6 of 148
Progress:export:7:148 	0.481586%
[DEBUG] GcodeWriter processing layer 7 of 148
Progress:export:8:148 	0.485260%
[DEBUG] GcodeWriter processing layer 8 of 148
Progress:export:9:148 	0.488934%
[DEBUG] GcodeWriter processing layer 9 of 148
Progress:export:10:148 	0.492609%
[DEBUG] GcodeWriter processing layer 10 of 148
Progress:export:11:148 	0.496283%
[DEBUG] GcodeWriter processing layer 11 of 148
Progress:export:12:148 	0.499957%
[DEBUG] GcodeWriter processing layer 12 of 148
Progress:export:13:148 	0.503631%
[DEBUG] GcodeWriter processing layer 13 of 148
Progress:export:14:148 	0.507305%
[DEBUG] GcodeWriter processing layer 14 of 148
Progress:export:15:148 	0.510980%
[DEBUG] GcodeWriter processing layer 15 of 148
Progress:export:16:148 	0.514654%
[DEBUG] GcodeWriter processing layer 16 of 148
Progress:export:17:148 	0.518328%
[DEBUG] GcodeWriter processing layer 17 of 148
Progress:export:18:148 	0.522002%
[DEBUG] GcodeWriter processing layer 18 of 148
Progress:export:19:148 	0.525676%
[DEBUG] GcodeWriter processing layer 19 of 148
Progress:export:20:148 	0.529351%
[DEBUG] GcodeWriter processing layer 20 of 148
Progress:export:21:148 	0.533025%
[DEBUG] GcodeWriter processing layer 21 of 148
Progress:export:22:148 	0.536699%
[DEBUG] GcodeWriter processing layer 22 of 148
Progress:export:23:148 	0.540373%
[DEBUG] GcodeWriter processing layer 23 of 148
Progress:export:24:148 	0.544047%
[DEBUG] GcodeWriter processing layer 24 of 148
Progress:export:25:148 	0.547722%
[DEBUG] GcodeWriter processing layer 25 of 148
Progress:export:26:148 	0.551396%
[DEBUG] GcodeWriter processing layer 26 of 148
Progress:export:27:148 	0.555070%
[DEBUG] GcodeWriter processing layer 27 of 148
Progress:export:28:148 	0.558744%
[DEBUG] GcodeWriter processing layer 28 of 148
Progress:export:29:148 	0.562418%
[DEBUG] GcodeWriter processing layer 29 of 148
Progress:export:30:148 	0.566093%
[DEBUG] GcodeWriter processing layer 30 of 148
Progress:export:31:148 	0.569767%
[DEBUG] GcodeWriter processing layer 31 of 148
Progress:export:32:148 	0.573441%
[DEBUG] GcodeWriter processing layer 32 of 148
Progress:export:33:148 	0.577115%
[DEBUG] GcodeWriter processing layer 33 of 148
Progress:export:34:148 	0.580789%
[DEBUG] GcodeWriter processing layer 34 of 148
Progress:export:35:148 	0.584464%
[DEBUG] GcodeWriter processing layer 35 of 148
Progress:export:36:148 	0.588138%
[DEBUG] GcodeWriter processing layer 36 of 148
Progress:export:37:148 	0.591812%
[DEBUG] GcodeWriter processing layer 37 of 148
Progress:export:38:148 	0.595486%
[DEBUG] GcodeWriter processing layer 38 of 148
Progress:export:39:148 	0.599160%
[DEBUG] GcodeWriter processing layer 39 of 148
Progress:export:40:148 	0.602835%
[DEBUG] GcodeWriter processing layer 40 of 148
Progress:export:41:148 	0.606509%
[DEBUG] GcodeWriter processing layer 41 of 148
Progress:export:42:148 	0.610183%
[DEBUG] GcodeWriter processing layer 42 of 148
Progress:export:43:148 	0.613857%
[DEBUG] GcodeWriter processing layer 43 of 148
Progress:export:44:148 	0.617531%
[DEBUG] GcodeWriter processing layer 44 of 148
Progress:export:45:148 	0.621206%
[DEBUG] GcodeWriter processing layer 45 of 148
Progress:export:46:148 	0.624880%
[DEBUG] GcodeWriter processing layer 46 of 148
Progress:export:47:148 	0.628554%
[DEBUG] GcodeWriter processing layer 47 of 148
Progress:export:48:148 	0.632228%
[DEBUG] GcodeWriter processing layer 48 of 148
Progress:export:49:148 	0.635902%
[DEBUG] GcodeWriter processing layer 49 of 148
Progress:export:50:148 	0.639577%
[DEBUG] GcodeWriter processing layer 50 of 148
Progress:export:51:148 	0.643251%
[DEBUG] GcodeWriter processing layer 51 of 148
Progress:export:52:148 	0.646925%
[DEBUG] GcodeWriter processing layer 52 of 148
Progress:export:53:148 	0.650599%
[DEBUG] GcodeWriter processing layer 53 of 148
Progress:export:54:148 	0.654273%
[DEBUG] GcodeWriter processing layer 54 of 148
Progress:export:55:148 	0.657948%
[DEBUG] GcodeWriter processing layer 55 of 148
Progress:export:56:148 	0.661622%
[DEBUG] GcodeWriter processing layer 56 of 148
Progress:export:57:148 	0.665296%
[DEBUG] GcodeWriter processing layer 57 of 148
Progress:export:58:148 	0.668970%
[DEBUG] GcodeWriter processing layer 58 of 148
Progress:export:59:148 	0.672644%
[DEBUG] GcodeWriter processing layer 59 of 148
Progress:export:60:148 	0.676319%
[DEBUG] GcodeWriter processing layer 60 of 148
Progress:export:61:148 	0.679993%
[DEBUG] GcodeWriter processing layer 61 of 148
Progress:export:62:148 	0.683667%
[DEBUG] GcodeWriter processing layer 62 of 148
Progress:export:63:148 	0.687341%
[DEBUG] GcodeWriter processing layer 63 of 148
Progress:export:64:148 	0.691015%
[DEBUG] GcodeWriter processing layer 64 of 148
Progress:export:65:148 	0.694690%
[DEBUG] GcodeWriter processing layer 65 of 148
Progress:export:66:148 	0.698364%
[DEBUG] GcodeWriter processing layer 66 of 148
Progress:export:67:148 	0.702038%
[DEBUG] GcodeWriter processing layer 67 of 148
Progress:export:68:148 	0.705712%
[DEBUG] GcodeWriter processing layer 68 of 148
Progress:export:69:148 	0.709386%
[DEBUG] GcodeWriter processing layer 69 of 148
Progress:export:70:148 	0.713061%
[DEBUG] GcodeWriter processing layer 70 of 148
Progress:export:71:148 	0.716735%
[DEBUG] GcodeWriter processing layer 71 of 148
Progress:export:72:148 	0.720409%
[DEBUG] GcodeWriter processing layer 72 of 148
Progress:export:73:148 	0.724083%
[DEBUG] GcodeWriter processing layer 73 of 148
Progress:export:74:148 	0.727757%
[DEBUG] GcodeWriter processing layer 74 of 148
Progress:export:75:148 	0.731432%
[DEBUG] GcodeWriter processing layer 75 of 148
Progress:export:76:148 	0.735106%
[DEBUG] GcodeWriter processing layer 76 of 148
Progress:export:77:148 	0.738780%
[DEBUG] GcodeWriter processing layer 77 of 148
Progress:export:78:148 	0.742454%
[DEBUG] GcodeWriter processing layer 78 of 148
Progress:export:79:148 	0.746128%
[DEBUG] GcodeWriter processing layer 79 of 148
Progress:export:80:148 	0.749803%
[DEBUG] GcodeWriter processing layer 80 of 148
Progress:export:81:148 	0.753477%
[DEBUG] GcodeWriter processing layer 81 of 148
Progress:export:82:148 	0.757151%
[DEBUG] GcodeWriter processing layer 82 of 148
Progress:export:83:148 	0.760825%
[DEBUG] GcodeWriter processing layer 83 of 148
Progress:export:84:148 	0.764499%
[DEBUG] GcodeWriter processing layer 84 of 148
Progress:export:85:148 	0.768174%
[DEBUG] GcodeWriter processing layer 85 of 148
Progress:export:86:148 	0.771848%
[DEBUG] GcodeWriter processing layer 86 of 148
Progress:export:87:148 	0.775522%
[DEBUG] GcodeWriter processing layer 87 of 148
Progress:export:88:148 	0.779196%
[DEBUG] GcodeWriter processing layer 88 of 148
Progress:export:89:148 	0.782870%
[DEBUG] GcodeWriter processing layer 89 of 148
Progress:export:90:148 	0.786545%
[DEBUG] GcodeWriter processing layer 90 of 148
Progress:export:91:148 	0.790219%
[DEBUG] GcodeWriter processing layer 91 of 148
Progress:export:92:148 	0.793893%
[DEBUG] GcodeWriter processing layer 92 of 148
Progress:export:93:148 	0.797567%
[DEBUG] GcodeWriter processing layer 93 of 148
Progress:export:94:148 	0.801241%
[DEBUG] GcodeWriter processing layer 94 of 148
Progress:export:95:148 	0.804916%
[DEBUG] GcodeWriter processing layer 95 of 148
Progress:export:96:148 	0.808590%
[DEBUG] GcodeWriter processing layer 96 of 148
Progress:export:97:148 	0.812264%
[DEBUG] GcodeWriter processing layer 97 of 148
Progress:export:98:148 	0.815938%
[DEBUG] GcodeWriter processing layer 98 of 148
Progress:export:99:148 	0.819612%
[DEBUG] GcodeWriter processing layer 99 of 148
Progress:export:100:148 	0.823287%
[DEBUG] GcodeWriter processing layer 100 of 148
Progress:export:101:148 	0.826961%
[DEBUG] GcodeWriter processing layer 101 of 148
Progress:export:102:148 	0.830635%
[DEBUG] GcodeWriter processing layer 102 of 148
Progress:export:103:148 	0.834309%
[DEBUG] GcodeWriter processing layer 103 of 148
Progress:export:104:148 	0.837983%
[DEBUG] GcodeWriter processing layer 104 of 148
Progress:export:105:148 	0.841658%
[DEBUG] GcodeWriter processing layer 105 of 148
Progress:export:106:148 	0.845332%
[DEBUG] GcodeWriter processing layer 106 of 148
Progress:export:107:148 	0.849006%
[DEBUG] GcodeWriter processing layer 107 of 148
Progress:export:108:148 	0.852680%
[DEBUG] GcodeWriter processing layer 108 of 148
Progress:export:109:148 	0.856354%
[DEBUG] GcodeWriter processing layer 109 of 148
Progress:export:110:148 	0.860029%
[DEBUG] GcodeWriter processing layer 110 of 148
Progress:export:111:148 	0.863703%
[DEBUG] GcodeWriter processing layer 111 of 148
Progress:export:112:148 	0.867377%
[DEBUG] GcodeWriter processing layer 112 of 148
Progress:export:113:148 	0.871051%
[DEBUG] GcodeWriter processing layer 113 of 148
Progress:export:114:148 	0.874725%
[DEBUG] GcodeWriter processing layer 114 of 148
Progress:export:115:148 	0.878400%
[DEBUG] GcodeWriter processing layer 115 of 148
Progress:export:116:148 	0.882074%
[DEBUG] GcodeWriter processing layer 116 of 148
Progress:export:117:148 	0.885748%
[DEBUG] GcodeWriter processing layer 117 of 148
Progress:export:118:148 	0.889422%
[DEBUG] GcodeWriter processing layer 118 of 148
Progress:export:119:148 	0.893097%
[DEBUG] GcodeWriter processing layer 119 of 148
Progress:export:120:148 	0.896771%
[DEBUG] GcodeWriter processing layer 120 of 148
Progress:export:121:148 	0.900445%
[DEBUG] GcodeWriter processing layer 121 of 148
Progress:export:122:148 	0.904119%
[DEBUG] GcodeWriter processing layer 122 of 148
Progress:export:123:148 	0.907793%
[DEBUG] GcodeWriter processing layer 123 of 148
Progress:export:124:148 	0.911467%
[DEBUG] GcodeWriter processing layer 124 of 148
Progress:export:125:148 	0.915142%
[DEBUG] GcodeWriter processing layer 125 of 148
Progress:export:126:148 	0.918816%
[DEBUG] GcodeWriter processing layer 126 of 148
Progress:export:127:148 	0.922490%
[DEBUG] GcodeWriter processing layer 127 of 148
Progress:export:128:148 	0.926164%
[DEBUG] GcodeWriter processing layer 128 of 148
Progress:export:129:148 	0.929838%
[DEBUG] GcodeWriter processing layer 129 of 148
Progress:export:130:148 	0.933513%
[DEBUG] GcodeWriter processing layer 130 of 148
Progress:export:131:148 	0.937187%
[DEBUG] GcodeWriter processing layer 131 of 148
Progress:export:132:148 	0.940861%
[DEBUG] GcodeWriter processing layer 132 of 148
Progress:export:133:148 	0.944535%
[DEBUG] GcodeWriter processing layer 133 of 148
Progress:export:134:148 	0.948209%
[DEBUG] GcodeWriter processing layer 134 of 148
Progress:export:135:148 	0.951884%
[DEBUG] GcodeWriter processing layer 135 of 148
Progress:export:136:148 	0.955558%
[DEBUG] GcodeWriter processing layer 136 of 148
Progress:export:137:148 	0.959232%
[DEBUG] GcodeWriter processing layer 137 of 148
Progress:export:138:148 	0.962906%
[DEBUG] GcodeWriter processing layer 138 of 148
Progress:export:139:148 	0.966581%
[DEBUG] GcodeWriter processing layer 139 of 148
Progress:export:140:148 	0.970255%
[DEBUG] GcodeWriter processing layer 140 of 148
Progress:export:141:148 	0.973929%
[DEBUG] GcodeWriter processing layer 141 of 148
Progress:export:142:148 	0.977603%
[DEBUG] GcodeWriter processing layer 142 of 148
Progress:export:143:148 	0.981277%
[WARNING] There are empty layers (or layers with empty extruder plans) in the print! Temperature control and cross layer travel moves might suffer.
[DEBUG] GcodeWriter processing layer 143 of 148
Progress:export:144:148 	0.984951%
[WARNING] There are empty layers (or layers with empty extruder plans) in the print! Temperature control and cross layer travel moves might suffer.
[DEBUG] GcodeWriter processing layer 144 of 148
Progress:export:145:148 	0.988626%
[WARNING] There are empty layers (or layers with empty extruder plans) in the print! Temperature control and cross layer travel moves might suffer.
[DEBUG] GcodeWriter processing layer 145 of 148
Progress:export:146:148 	0.992300%
[WARNING] There are empty layers (or layers with empty extruder plans) in the print! Temperature control and cross layer travel moves might suffer.
[DEBUG] GcodeWriter processing layer 146 of 148
Progress:export:147:148 	0.995974%
[WARNING] There are empty layers (or layers with empty extruder plans) in the print! Temperature control and cross layer travel moves might suffer.
[DEBUG] GcodeWriter processing layer 147 of 148
Progress:export:148:148 	0.999648%
[WARNING] There are empty layers (or layers with empty extruder plans) in the print! Temperature control and cross layer travel moves might suffer.
Progress: export accomplished in 0.419s
Progress:process:1:1 	1.000000%
Total time elapsed  0.88s.
Gcode header after slicing:
;FLAVOR:Marlin
;TIME:545
;Filament used: 0.176633m
;Layer height: 0.1
End of gcode header.
Print time: 545
Print time (readable): 0h 9m 5s
Filament: 424
enter DeepInConfig deconstruct function!
config_file_path: [cylinder/cylinder.config]
