
Cura_SteamEngine version DEV
Copyright (C) 2017 Ultimaker

This program is free software: you can redistribute it and/or modify
it under the terms of the GNU Affero General Public License as published by
the Free Software Foundation, either version 3 of the License, or
(at your option) any later version.

This program is distributed in the hope that it will be useful,
but WITHOUT ANY WARRANTY; without even the implied warranty of
MERCHANTABILITY or FITNESS FOR A PARTICULAR PURPOSE.  See the
GNU Affero General Public License for more details.

You should have received a copy of the GNU Affero General Public License
along with this program.  If not, see <http://www.gnu.org/licenses/>.
Loading /home/share/oss/Cura/resources/definitions/prusa_i3.def.json...
Loading /home/share/oss/Cura/resources/definitions/fdmprinter.def.json...
Loading guitar.stl from disk...
Loading /home/share/oss/Cura/resources/definitions/fdmextruder.def.json...
loading 'guitar.stl' took 0.015 seconds
Loaded from disk in 0.034s
[WARNING]  -s mesh_position_z="0" -s center_object="false" -s speed_ironing="20" -s ironing_only_highest_layer="false" -s ironing_enabled="false" -s wireframe_nozzle_clearance="1" -s wireframe_roof_drag_along="0.8" -s wireframe_roof_fall_down="2" -s wireframe_straight_before_down="20" -s wireframe_strategy="compensate" -s wireframe_top_jump="0.6" -s wireframe_flat_delay="0.1" -s wireframe_flow_flat="100" -s wireframe_printspeed_flat="5" -s wireframe_printspeed_down="5" -s wireframe_printspeed_up="5" -s wireframe_printspeed_bottom="5" -s wireframe_height="3" -s magic_fuzzy_skin_thickness="0.3" -s magic_fuzzy_skin_enabled="false" -s support_conical_angle="30" -s support_conical_enabled="false" -s spaghetti_flow="20" -s spaghetti_max_height="2" -s spaghetti_max_infill_angle="10" -s spaghetti_infill_enabled="false" -s coasting_min_volume="0.8" -s coasting_volume="0.064" -s coasting_enable="false" -s ironing_pattern="zigzag" -s conical_overhang_enabled="false" -s draft_shield_dist="10" -s draft_shield_enabled="false" -s optimize_wall_printing_order="false" -s relative_extrusion="false" -s magic_mesh_surface_mode="normal" -s support_mesh_drop_down="true" -s mold_roof_height="0.5" -s mold_enabled="false" -s meshfix_union_all_remove_holes="false" -s meshfix_union_all="true" -s raft_base_fan_speed="0" -s raft_interface_fan_speed="0" -s raft_surface_fan_speed="0" -s raft_base_jerk="20" -s raft_interface_acceleration="3000" -s anti_overhang_mesh="false" -s raft_surface_acceleration="3000" -s raft_base_speed="15" -s raft_interface_speed="15" -s raft_base_line_spacing="1.6" -s raft_base_thickness="0.3" -s raft_interface_line_width="0.7" -s raft_interface_thickness="0.15" -s raft_surface_thickness="0.1" -s raft_surface_layers="2" -s support_mesh="false" -s raft_airgap="0.3" -s prime_tower_position_x="200" -s raft_margin="15" -s raft_surface_speed="20" -s z_offset_taper_layers="0" -s draft_shield_height_limitation="full" -s z_offset_layer_0="0" -s skirt_gap="3" -s adhesion_type="brim" -s extruder_prime_pos_y="0" -s prime_blob_enable="true" -s infill_mesh_order="0" -s support_minimal_diameter="3" -s support_tower_diameter="3" -s prime_tower_wipe_enabled="true" -s support_use_towers="true" -s support_roof_pattern="concentric" -s support_bottom_line_distance="0.4" -s support_roof_line_distance="0.4" -s support_interface_skip_height="0.3" -s support_roof_height="1" -s support_bottom_enable="false" -s support_roof_enable="false" -s gradual_support_infill_steps="0" -s mold_width="5" -s support_infill_sparse_thickness="0.1" -s support_join_distance="2" -s support_bottom_stair_step_width="5" -s support_bottom_stair_step_height="0.3" -s support_xy_overrides_z="z_overrides_xy" -s support_xy_distance="0.7" -s wireframe_roof_inset="3" -s dual_pre_wipe="true" -s support_line_distance="2.66" -s support_pattern="zigzag" -s support_angle="50" -s support_type="everywhere" -s support_bottom_extruder_nr="0" -s support_roof_extruder_nr="0" -s infill_hollow="false" -s raft_surface_line_spacing="0.4" -s skirt_line_count="1" -s support_extruder_nr_layer_0="0" -s support_infill_extruder_nr="0" -s retraction_hop_enabled="false" -s prime_tower_flow="100" -s sub_div_rad_add="0.4" -s alternate_carve_order="true" -s machine_max_feedrate_x="500" -s ironing_inset="0.35" -s gradual_support_infill_step_height="1" -s acceleration_roofing="3000" -s infill_extruder_nr="-1" -s material_standby_temperature="150" -s coasting_speed="90" -s infill_pattern="grid" -s material_extrusion_cool_down_speed="0.7" -s acceleration_topbottom="3000" -s skin_outline_count="1" -s infill_mesh="false" -s print_sequence="all_at_once" -s default_material_print_temperature="210" -s retraction_min_travel="1.5" -s z_seam_y="100" -s xy_offset_layer_0="0" -s material_flow="100" -s skirt_brim_speed="30" -s carve_multiple_volumes="true" -s xy_offset="0" -s skin_angles="[ ]" -s jerk_infill="20" -s cool_fan_speed_0="0" -s ironing_flow="10" -s fill_outline_gaps="false" -s jerk_support_bottom="20" -s support_top_distance="0.1" -s fill_perimeter_gaps="everywhere" -s raft_base_line_width="0.8" -s z_seam_x="100" -s travel_compensate_overlapping_walls_x_enabled="true" -s mold_angle="40" -s skin_overlap_mm="0.02" -s speed_equalize_flow_enabled="false" -s z_seam_corner="z_seam_corner_inner" -s raft_interface_jerk="20" -s skin_line_width="0.4" -s smooth_spiralized_contours="true" -s wall_0_inset="0" -s support_line_width="0.4" -s top_bottom_pattern="lines" -s cool_fan_speed_max="100" -s wall_0_wipe_dist="0.2" -s raft_surface_line_width="0.4" -s wall_line_width_x="0.4" -s wall_line_count="2" -s cool_min_layer_time="5" -s machine_gcode_flavor="RepRap (Marlin/Sprinter)" -s prime_tower_line_width="0.4" -s bottom_layers="6" -s magic_fuzzy_skin_point_dist="0.8" -s retraction_count_max="90" -s cool_fan_enabled="true" -s cool_fan_full_layer="2" -s speed_travel="120" -s machine_shape="rectangular" -s z_seam_relative="false" -s jerk_skirt_brim="20" -s roofing_line_width="0.4" -s acceleration_ironing="3000" -s extruder_prime_pos_z="0" -s skin_alternate_rotation="false" -s acceleration_enabled="false" -s wall_line_width_0="0.4" -s top_bottom_pattern_0="lines" -s machine_center_is_zero="false" -s retraction_combing="all" -s raft_interface_line_spacing="0.9" -s infill_overlap_mm="0.04" -s outer_inset_first="false" -s wireframe_flow_connection="100" -s layer_start_y="0" -s material_initial_print_temperature="200" -s raft_base_acceleration="3000" -s switch_extruder_prime_speed="20" -s acceleration_infill="3000" -s acceleration_print_layer_0="3000" -s machine_filament_park_distance="16" -s machine_nozzle_head_distance="3" -s machine_acceleration="4000" -s brim_line_count="20" -s skirt_brim_line_width="0.4" -s infill_line_distance="2" -s jerk_support_infill="20" -s brim_outside_only="true" -s wall_x_extruder_nr="-1" -s spaghetti_inset="0.2" -s support_connect_zigzags="true" -s machine_height="200" -s machine_nozzle_tip_outer_diameter="1" -s ironing_line_spacing="0.1" -s magic_spiralize="false" -s infill_wipe_dist="0.04" -s spaghetti_infill_extra_volume="0" -s machine_min_cool_heat_time_window="50" -s machine_nozzle_expansion_angle="45" -s machine_max_acceleration_z="100" -s top_bottom_extruder_nr="-1" -s material_diameter="1.75" -s meshfix_extensive_stitching="false" -s infill_line_width="0.4" -s multiple_mesh_overlap="0.15" -s raft_surface_jerk="20" -s acceleration_travel="5000" -s wireframe_up_half_speed="0.3" -s speed_topbottom="30" -s machine_start_gcode="G21 ;metric values
G90 ;absolute positioning
M82 ;set extruder to absolute mode
M107 ;start with the fan off
G28 X0 Y0 ;move X/Y to min endstops
G28 Z0 ;move Z to min endstops
G1 Z15.0 F9000 ;move the platform down 15mm
G92 E0 ;zero the extruded length
G1 F200 E3 ;extrude 3mm of feed stock
G92 E0 ;zero the extruded length again
G1 F9000
;Put printing message on LCD screen
M117 Printing..." -s machine_nozzle_cool_down_speed="2" -s roofing_pattern="lines" -s material_print_temp_wait="true" -s support_conical_min_width="5" -s layer_height_0="0.3" -s machine_nozzle_id="unknown" -s speed_equalize_flow_max="150" -s support_bottom_height="1" -s machine_max_acceleration_e="10000" -s z_seam_type="sharpest_corner" -s machine_name="Prusa i3" -s mesh_position_x="0" -s meshfix_keep_open_polygons="false" -s gradual_infill_step_height="1.5" -s top_layers="8" -s machine_width="200" -s initial_layer_line_width_factor="100" -s jerk_travel_layer_0="20" -s cool_min_layer_time_fan_speed_max="10" -s material_flow_temp_graph="[[3.5,200],[7.0,240]]" -s wall_0_extruder_nr="-1" -s retraction_hop_after_extruder_switch="true" -s wireframe_bottom_delay="0" -s layer_0_z_overlap="0.22" -s gantry_height="55" -s switch_extruder_retraction_speed="20" -s roofing_extruder_nr="-1" -s machine_heated_bed="true" -s bottom_skin_expand_distance="2.8" -s machine_max_jerk_xy="20" -s wireframe_drag_along="0.6" -s roofing_layer_count="0" -s cutting_mesh="false" -s ooze_shield_dist="2" -s machine_end_gcode="M104 S0 ;extruder heater off
M140 S0 ;heated bed heater off (if you have it)
G91 ;relative positioning
G1 E-1 F300  ;retract the filament a bit before lifting the nozzle, to release some of the pressure
G1 Z+0.5 E-5 X-20 Y-20 F9000 ;move Z up a bit and retract filament even more
G28 X0 Y0 ;move X/Y to min endstops, so the head is out of the way
M84 ;steppers off
G90 ;absolute positioning" -s machine_heat_zone_length="16" -s speed_prime_tower="60" -s machine_nozzle_size="0.4" -s roofing_angles="[ ]" -s alternate_extra_perimeter="false" -s machine_nozzle_temp_enabled="true" -s machine_show_variants="false" -s machine_max_acceleration_y="9000" -s support_roof_line_width="0.4" -s prime_tower_purge_volume="0" -s machine_max_feedrate_y="500" -s layer_height="0.1" -s speed_print_layer_0="30" -s machine_extruder_count="1" -s acceleration_travel_layer_0="3000" -s machine_max_feedrate_z="5" -s acceleration_skirt_brim="3000" -s zig_zaggify_infill="true" -s machine_max_jerk_z="0.4" -s wireframe_top_delay="0" -s speed_support_roof="40" -s machine_depth="200" -s material_bed_temp_prepend="true" -s travel_compensate_overlapping_walls_0_enabled="true" -s machine_max_feedrate_e="2.99792e+11" -s cross_infill_apply_pockets_alternatingly="true" -s infill_angles="[ ]" -s machine_minimum_feedrate="0" -s infill_sparse_thickness="0.1" -s support_tower_roof_angle="65" -s gradual_infill_steps="0" -s infill_before_walls="true" -s ooze_shield_enabled="false" -s min_infill_area="0" -s adhesion_extruder_nr="0" -s top_skin_preshrink="0" -s support_xy_distance_overhang="0.2" -s bottom_skin_preshrink="0" -s top_skin_expand_distance="2.8" -s speed_travel_layer_0="60" -s min_skin_width_for_expansion="2.24" -s material_flow_dependent_temperature="false" -s draft_shield_height="10" -s support_zag_skip_count="5" -s jerk_topbottom="20" -s material_print_temperature="210" -s extruder_prime_pos_abs="false" -s material_print_temperature_layer_0="215" -s cross_infill_pocket_size="2" -s material_final_print_temperature="195" -s mesh_position_y="0" -s material_bed_temp_wait="true" -s retraction_extra_prime_amount="0" -s machine_max_acceleration_x="9000" -s travel_avoid_distance="0.625" -s jerk_ironing="20" -s retraction_enable="true" -s retract_at_layer_change="false" -s retraction_amount="6.5" -s ooze_shield_angle="60" -s extruder_prime_pos_x="0" -s machine_nozzle_heat_up_speed="2" -s retraction_retract_speed="25" -s retraction_prime_speed="25" -s mesh_rotation_matrix="[[1,0,0], [0,1,0], [0,0,1]]" -s acceleration_wall_0="3000" -s retraction_extrusion_window="4.5" -s wireframe_enabled="true" -s cool_fan_speed_min="100" -s prime_tower_size="20" -s switch_extruder_retraction_amount="20" -s prime_tower_wall_thickness="2" -s speed_infill="60" -s speed_wall_0="30" -s speed_wall_x="60" -s layer_start_x="0" -s skin_no_small_gaps_heuristic="true" -s speed_roofing="25" -s acceleration_support_bottom="3000" -s support_enable="false" -s conical_overhang_angle="50" -s raft_smoothing="5" -s skirt_brim_minimal_length="250" -s material_bed_temperature="60" -s speed_support_infill="60" -s speed_support_bottom="40" -s max_feedrate_z_override="0" -s support_bottom_pattern="concentric" -s cool_min_speed="10" -s support_bottom_line_width="0.4" -s speed_slowdown_layers="2" -s acceleration_wall_x="3000" -s acceleration_prime_tower="3000" -s acceleration_support_infill="3000" -s wireframe_roof_outer_delay="0.2" -s prime_tower_position_y="200" -s prime_tower_enable="false" -s acceleration_support_roof="3000" -s jerk_enabled="false" -s machine_max_jerk_e="5" -s material_bed_temperature_layer_0="60" -s jerk_wall_0="20" -s jerk_wall_x="20" -s spaghetti_infill_stepped="true" -s support_offset="0.2" -s support_bottom_distance="0.1" -s jerk_roofing="20" -s jerk_travel="30" -s material_print_temp_prepend="true" -s jerk_print_layer_0="20" -s jerk_support_roof="20" -s travel_retract_before_outer_wall="false" -s travel_avoid_other_parts="true" -s jerk_prime_tower="20" -s start_layers_at_same_position="false" -s wireframe_fall_down="0.5" -s retraction_hop_only_when_collides="false" -s machine_use_extruder_offset_to_offset_coords="true" -s retraction_hop="1" -s cool_lift_head="false" -g -e0 -s extruder_prime_pos_y="0" -s extruder_prime_pos_z="0" -s machine_extruder_end_pos_y="0" -s machine_extruder_end_pos_x="0" -s machine_extruder_end_pos_abs="false" -s machine_nozzle_size="0.4" -s machine_nozzle_offset_x="0" -s machine_nozzle_id="unknown" -s extruder_nr="0" -s machine_nozzle_offset_y="0" -s machine_extruder_start_pos_abs="false" -s machine_extruder_start_pos_x="0" -s extruder_prime_pos_x="0" -s machine_extruder_start_pos_y="0" -e0 -l "0"
starting Neith Weaver...
Layer count: 21
slice of mesh took 0.001 seconds
slice make polygons took 0.002 seconds
chainifying layers...
Progress:inset+skin:2:21 	0.047974%
Progress:inset+skin:3:21 	0.060001%
Progress:inset+skin:4:21 	0.072027%
Progress:inset+skin:5:21 	0.084053%
Progress:inset+skin:6:21 	0.096079%
Progress:inset+skin:7:21 	0.108106%
Progress:inset+skin:8:21 	0.120132%
Progress:inset+skin:9:21 	0.132158%
Progress:inset+skin:10:21 	0.144185%
Progress:inset+skin:11:21 	0.156211%
Progress:inset+skin:12:21 	0.168237%
Progress:inset+skin:13:21 	0.180263%
Progress:inset+skin:14:21 	0.192290%
Progress:inset+skin:15:21 	0.204316%
Progress:inset+skin:16:21 	0.216342%
Progress:inset+skin:17:21 	0.228368%
Progress:inset+skin:18:21 	0.240395%
Progress:inset+skin:19:21 	0.252421%
Progress:inset+skin:20:21 	0.264447%
Progress:inset+skin:21:21 	0.276473%
finding horizontal parts...
Progress:support:1:11 	0.292782%
Progress:support:2:11 	0.309090%
Progress:support:3:11 	0.325399%
Progress:support:4:11 	0.341707%
Progress:support:5:11 	0.358016%
Progress:support:6:11 	0.374324%
Progress:support:7:11 	0.390633%
Progress:support:8:11 	0.406941%
Progress:support:9:11 	0.423250%
Progress:support:10:11 	0.439558%
Progress:support:11:11 	0.455867%
connecting layers...
starting Neith Gcode generation...
Progress:export:1:11 	0.505301%
Progress:export:2:11 	0.554736%
Progress:export:3:11 	0.604171%
Progress:export:4:11 	0.653605%
Progress:export:5:11 	0.703040%
Progress:export:6:11 	0.752475%
Progress:export:7:11 	0.801909%
Progress:export:8:11 	0.851344%
Progress:export:9:11 	0.900779%
Progress:export:10:11 	0.950214%
Progress:export:11:11 	0.999648%
Print time: 769
Print time (readable): 0h 12m 49s
Filament: 441
finished Neith Gcode generation...
Progress:process:1:1 	1.000000%
Total time elapsed  0.01s.
Gcode header after slicing:
;FLAVOR:Marlin
;TIME:769
;Filament used: 0.183502m
;Layer height: 0.1
End of gcode header.
Print time: 769
Print time (readable): 0h 12m 49s
Filament: 441
